2026-05-21 09:25:32 [[33mwarn[39m]: [UNAUTHORIZED] Access token missing
2026-05-21 09:25:32 [[33mwarn[39m]: [UNAUTHORIZED] Access token missing
2026-05-21 09:25:33 [[33mwarn[39m]: [UNAUTHORIZED] Refresh token not found
2026-05-21 09:33:44 [[33mwarn[39m]: [UNAUTHORIZED] Your account has been blocked or no longer exists.
2026-05-21 09:34:01 [[33mwarn[39m]: [UNAUTHORIZED] Your account has been blocked by admin.
2026-05-21 09:42:19 [[32minfo[39m]: Server running on http://localhost:5000
2026-05-21 09:50:28 [[33mwarn[39m]: [INVALID_CREDENTIALS] Invalid email or password
2026-05-21 09:52:32 [[33mwarn[39m]: [UNAUTHORIZED] Your institution has been blocked. Please contact admin.
2026-05-21 10:07:45 [[33mwarn[39m]: [TOKEN_EXPIRED] Token has expired
2026-05-21 10:07:45 [[33mwarn[39m]: [TOKEN_EXPIRED] Token has expired
2026-05-21 10:07:45 [[33mwarn[39m]: [UNAUTHORIZED] Refresh token not found
2026-05-21 11:51:12 [[32minfo[39m]: Server running on http://localhost:5000
2026-05-21 11:51:17 [[32minfo[39m]: Server running on http://localhost:5000
2026-05-21 11:51:47 [[32minfo[39m]: Server running on http://localhost:5000
2026-05-21 11:51:56 [[32minfo[39m]: Server running on http://localhost:5000
2026-05-21 11:52:01 [[32minfo[39m]: Server running on http://localhost:5000
2026-05-21 11:52:07 [[32minfo[39m]: Server running on http://localhost:5000
2026-05-21 11:52:13 [[32minfo[39m]: Server running on http://localhost:5000
2026-05-21 11:52:24 [[32minfo[39m]: Server running on http://localhost:5000
2026-05-21 12:03:58 [[32minfo[39m]: Server running on http://localhost:5000
