2026-06-02 00:42:28 [[32minfo[39m]: Server running on http://localhost:5000
2026-06-02 00:42:33 [[33mwarn[39m]: [UNAUTHORIZED] Access token missing
2026-06-02 00:42:33 [[33mwarn[39m]: [UNAUTHORIZED] Refresh token not found
2026-06-02 00:43:28 [[33mwarn[39m]: [INVALID_CREDENTIALS] Invalid email or password
2026-06-02 00:43:47 [[33mwarn[39m]: [INVALID_CREDENTIALS] Invalid email or password
2026-06-02 00:44:03 [[33mwarn[39m]: [INVALID_CREDENTIALS] Invalid email or password
2026-06-02 00:44:24 [[33mwarn[39m]: [INVALID_CREDENTIALS] Invalid email or password
2026-06-02 00:44:35 [[33mwarn[39m]: [UNAUTHORIZED] This email is registered as a HR. Please use the correct login portal.
2026-06-02 00:45:49 [[33mwarn[39m]: [INVALID_CREDENTIALS] Invalid email or password
2026-06-02 00:46:11 [[33mwarn[39m]: [UNAUTHORIZED] Access token missing
2026-06-02 00:46:11 [[33mwarn[39m]: [UNAUTHORIZED] Access token missing
2026-06-02 00:46:11 [[33mwarn[39m]: [UNAUTHORIZED] Refresh token not found
2026-06-02 00:46:46 [[33mwarn[39m]: [INVALID_CREDENTIALS] Invalid email or password
2026-06-02 00:49:29 [[33mwarn[39m]: [INVALID_CREDENTIALS] Invalid email or password
2026-06-02 00:49:39 [[33mwarn[39m]: [UNAUTHORIZED] This email is registered as a College Admin. Please use the correct login portal.
2026-06-02 00:49:52 [[33mwarn[39m]: [UNAUTHORIZED] This email is registered as a College Admin. Please use the correct login portal.
2026-06-02 00:50:05 [[33mwarn[39m]: [INVALID_CREDENTIALS] Invalid email or password
2026-06-02 00:53:14 [[33mwarn[39m]: [INVALID_CREDENTIALS] Invalid email or password
2026-06-02 01:00:00 [[33mwarn[39m]: [INVALID_CREDENTIALS] Invalid or expired OTP
2026-06-02 01:01:07 [[33mwarn[39m]: [INVALID_CREDENTIALS] Invalid or expired OTP
2026-06-02 01:02:09 [[33mwarn[39m]: [INVALID_CREDENTIALS] Invalid email or password
2026-06-02 01:03:12 [[33mwarn[39m]: [INVALID_CREDENTIALS] Invalid email or password
2026-06-02 01:06:17 [[32minfo[39m]: Server running on http://localhost:5000
2026-06-02 01:14:15 [[33mwarn[39m]: [TOKEN_EXPIRED] Token has expired
2026-06-02 01:14:15 [[33mwarn[39m]: [TOKEN_EXPIRED] Token has expired
2026-06-02 01:14:15 [[33mwarn[39m]: [UNAUTHORIZED] Refresh token not found
2026-06-02 01:14:15 [[33mwarn[39m]: [TOKEN_EXPIRED] Token has expired
2026-06-02 01:14:15 [[33mwarn[39m]: [TOKEN_EXPIRED] Token has expired
2026-06-02 01:14:15 [[33mwarn[39m]: [UNAUTHORIZED] Refresh token not found
2026-06-02 01:17:34 [[33mwarn[39m]: [UNAUTHORIZED] Access token missing
2026-06-02 01:17:34 [[33mwarn[39m]: [UNAUTHORIZED] Access token missing
2026-06-02 01:17:34 [[33mwarn[39m]: [UNAUTHORIZED] Refresh token not found
2026-06-02 01:20:13 [[32minfo[39m]: Server running on http://localhost:5000
2026-06-02 01:25:46 [[33mwarn[39m]: [UNAUTHORIZED] Unauthorized access to this job
2026-06-02 01:27:45 [[32minfo[39m]: Server running on http://localhost:5000
2026-06-02 01:29:56 [[33mwarn[39m]: [TOKEN_EXPIRED] Token has expired
2026-06-02 01:29:56 [[33mwarn[39m]: [UNAUTHORIZED] Refresh token not found
2026-06-02 01:33:45 [[33mwarn[39m]: [TOKEN_EXPIRED] Token has expired
2026-06-02 01:33:45 [[33mwarn[39m]: [TOKEN_EXPIRED] Token has expired
2026-06-02 01:33:45 [[33mwarn[39m]: [UNAUTHORIZED] Refresh token not found
2026-06-02 01:34:54 [[33mwarn[39m]: [INVALID_CREDENTIALS] Invalid email or password
2026-06-02 01:37:56 [[32minfo[39m]: Server running on http://localhost:5000
2026-06-02 01:38:03 [[32minfo[39m]: Server running on http://localhost:5000
2026-06-02 01:47:20 [[32minfo[39m]: Server running on http://localhost:5000
2026-06-02 01:47:30 [[32minfo[39m]: Server running on http://localhost:5000
2026-06-02 01:47:50 [[33mwarn[39m]: [TOKEN_EXPIRED] Token has expired
2026-06-02 01:47:50 [[33mwarn[39m]: [TOKEN_EXPIRED] Token has expired
2026-06-02 01:47:50 [[33mwarn[39m]: [UNAUTHORIZED] Refresh token not found
2026-06-02 01:51:10 [[32minfo[39m]: Server running on http://localhost:5000
2026-06-02 01:51:18 [[32minfo[39m]: Server running on http://localhost:5000
2026-06-02 01:51:26 [[32minfo[39m]: Server running on http://localhost:5000
2026-06-02 01:51:32 [[32minfo[39m]: Server running on http://localhost:5000
2026-06-02 02:01:05 [[32minfo[39m]: Server running on http://localhost:5000
2026-06-02 02:01:13 [[32minfo[39m]: Server running on http://localhost:5000
2026-06-02 02:01:19 [[32minfo[39m]: Server running on http://localhost:5000
2026-06-02 02:02:55 [[33mwarn[39m]: [TOKEN_EXPIRED] Token has expired
2026-06-02 02:02:55 [[33mwarn[39m]: [UNAUTHORIZED] Refresh token not found
2026-06-02 02:03:10 [[33mwarn[39m]: [INVALID_CREDENTIALS] Invalid email or password
2026-06-02 02:03:13 [[33mwarn[39m]: [TOKEN_EXPIRED] Token has expired
2026-06-02 02:03:13 [[33mwarn[39m]: [UNAUTHORIZED] Refresh token not found
2026-06-02 02:03:21 [[33mwarn[39m]: [INVALID_CREDENTIALS] Invalid email or password
2026-06-02 02:03:31 [[33mwarn[39m]: [INVALID_CREDENTIALS] Invalid email or password
2026-06-02 02:05:02 [[32minfo[39m]: Server running on http://localhost:5000
2026-06-02 02:05:12 [[32minfo[39m]: Server running on http://localhost:5000
2026-06-02 02:05:22 [[32minfo[39m]: Server running on http://localhost:5000
2026-06-02 02:05:29 [[32minfo[39m]: Server running on http://localhost:5000
2026-06-02 02:05:36 [[32minfo[39m]: Server running on http://localhost:5000
2026-06-02 19:43:04 [[32minfo[39m]: Server running on http://localhost:5000
2026-06-02 19:43:08 [[33mwarn[39m]: [UNAUTHORIZED] Access token missing
2026-06-02 19:43:08 [[33mwarn[39m]: [UNAUTHORIZED] Refresh token not found
2026-06-02 19:51:48 [[32minfo[39m]: Server running on http://localhost:5000
2026-06-02 19:53:34 [[32minfo[39m]: Server running on http://localhost:5000
2026-06-02 20:01:59 [[32minfo[39m]: Server running on http://localhost:5000
2026-06-02 20:02:12 [[32minfo[39m]: Server running on http://localhost:5000
2026-06-02 20:02:25 [[32minfo[39m]: Server running on http://localhost:5000
2026-06-02 20:02:56 [[32minfo[39m]: Server running on http://localhost:5000
2026-06-02 20:03:25 [[32minfo[39m]: Server running on http://localhost:5000
2026-06-02 20:03:46 [[32minfo[39m]: Server running on http://localhost:5000
2026-06-02 20:03:57 [[32minfo[39m]: Server running on http://localhost:5000
2026-06-02 20:09:50 [[33mwarn[39m]: [TOKEN_EXPIRED] Token has expired
2026-06-02 20:09:50 [[33mwarn[39m]: [UNAUTHORIZED] Refresh token not found
2026-06-02 20:45:03 [[33mwarn[39m]: [TOKEN_EXPIRED] Token has expired
2026-06-02 20:45:03 [[33mwarn[39m]: [UNAUTHORIZED] Refresh token not found
2026-06-02 20:54:00 [[33mwarn[39m]: [UNAUTHORIZED] Access token missing
2026-06-02 20:54:00 [[33mwarn[39m]: [UNAUTHORIZED] Access token missing
2026-06-02 20:54:00 [[33mwarn[39m]: [UNAUTHORIZED] Refresh token not found
2026-06-02 20:55:40 [[31merror[39m]: MongoServerError: Regular expression is invalid: missing closing parenthesis
    at Connection.sendCommand (C:\Users\risla\OneDrive\Documents\Career-Hub\apps\backend\node_modules\mongodb\src\cmap\connection.ts:559:17)
    at process.processTicksAndRejections (node:internal/process/task_queues:105:5)
    at async Connection.command (C:\Users\risla\OneDrive\Documents\Career-Hub\apps\backend\node_modules\mongodb\src\cmap\connection.ts:633:22)
    at async Server.command (C:\Users\risla\OneDrive\Documents\Career-Hub\apps\backend\node_modules\mongodb\src\sdam\server.ts:350:21)
    at async tryOperation (C:\Users\risla\OneDrive\Documents\Career-Hub\apps\backend\node_modules\mongodb\src\operations\execute_operation.ts:289:24)
    at async executeOperation (C:\Users\risla\OneDrive\Documents\Career-Hub\apps\backend\node_modules\mongodb\src\operations\execute_operation.ts:119:12)
    at async FindCursor._initialize (C:\Users\risla\OneDrive\Documents\Career-Hub\apps\backend\node_modules\mongodb\src\cursor\find_cursor.ts:92:22)
    at async FindCursor.cursorInit (C:\Users\risla\OneDrive\Documents\Career-Hub\apps\backend\node_modules\mongodb\src\cursor\abstract_cursor.ts:949:21)
    at async FindCursor.fetchBatch (C:\Users\risla\OneDrive\Documents\Career-Hub\apps\backend\node_modules\mongodb\src\cursor\abstract_cursor.ts:987:7)
    at async FindCursor.next (C:\Users\risla\OneDrive\Documents\Career-Hub\apps\backend\node_modules\mongodb\src\cursor\abstract_cursor.ts:608:9)
2026-06-02 20:55:40 [[31merror[39m]: MongoServerError: Regular expression is invalid: missing closing parenthesis
    at Connection.sendCommand (C:\Users\risla\OneDrive\Documents\Career-Hub\apps\backend\node_modules\mongodb\src\cmap\connection.ts:559:17)
    at process.processTicksAndRejections (node:internal/process/task_queues:105:5)
    at async Connection.command (C:\Users\risla\OneDrive\Documents\Career-Hub\apps\backend\node_modules\mongodb\src\cmap\connection.ts:633:22)
    at async Server.command (C:\Users\risla\OneDrive\Documents\Career-Hub\apps\backend\node_modules\mongodb\src\sdam\server.ts:350:21)
    at async tryOperation (C:\Users\risla\OneDrive\Documents\Career-Hub\apps\backend\node_modules\mongodb\src\operations\execute_operation.ts:289:24)
    at async executeOperation (C:\Users\risla\OneDrive\Documents\Career-Hub\apps\backend\node_modules\mongodb\src\operations\execute_operation.ts:119:12)
    at async FindCursor._initialize (C:\Users\risla\OneDrive\Documents\Career-Hub\apps\backend\node_modules\mongodb\src\cursor\find_cursor.ts:92:22)
    at async FindCursor.cursorInit (C:\Users\risla\OneDrive\Documents\Career-Hub\apps\backend\node_modules\mongodb\src\cursor\abstract_cursor.ts:949:21)
    at async FindCursor.fetchBatch (C:\Users\risla\OneDrive\Documents\Career-Hub\apps\backend\node_modules\mongodb\src\cursor\abstract_cursor.ts:987:7)
    at async FindCursor.next (C:\Users\risla\OneDrive\Documents\Career-Hub\apps\backend\node_modules\mongodb\src\cursor\abstract_cursor.ts:608:9)
2026-06-02 20:55:40 [[31merror[39m]: MongoServerError: Regular expression is invalid: missing closing parenthesis
    at Connection.sendCommand (C:\Users\risla\OneDrive\Documents\Career-Hub\apps\backend\node_modules\mongodb\src\cmap\connection.ts:559:17)
    at process.processTicksAndRejections (node:internal/process/task_queues:105:5)
    at async Connection.command (C:\Users\risla\OneDrive\Documents\Career-Hub\apps\backend\node_modules\mongodb\src\cmap\connection.ts:633:22)
    at async Server.command (C:\Users\risla\OneDrive\Documents\Career-Hub\apps\backend\node_modules\mongodb\src\sdam\server.ts:350:21)
    at async tryOperation (C:\Users\risla\OneDrive\Documents\Career-Hub\apps\backend\node_modules\mongodb\src\operations\execute_operation.ts:289:24)
    at async executeOperation (C:\Users\risla\OneDrive\Documents\Career-Hub\apps\backend\node_modules\mongodb\src\operations\execute_operation.ts:119:12)
    at async FindCursor._initialize (C:\Users\risla\OneDrive\Documents\Career-Hub\apps\backend\node_modules\mongodb\src\cursor\find_cursor.ts:92:22)
    at async FindCursor.cursorInit (C:\Users\risla\OneDrive\Documents\Career-Hub\apps\backend\node_modules\mongodb\src\cursor\abstract_cursor.ts:949:21)
    at async FindCursor.fetchBatch (C:\Users\risla\OneDrive\Documents\Career-Hub\apps\backend\node_modules\mongodb\src\cursor\abstract_cursor.ts:987:7)
    at async FindCursor.next (C:\Users\risla\OneDrive\Documents\Career-Hub\apps\backend\node_modules\mongodb\src\cursor\abstract_cursor.ts:608:9)
2026-06-02 20:55:40 [[31merror[39m]: MongoServerError: Regular expression is invalid: missing closing parenthesis
    at Connection.sendCommand (C:\Users\risla\OneDrive\Documents\Career-Hub\apps\backend\node_modules\mongodb\src\cmap\connection.ts:559:17)
    at process.processTicksAndRejections (node:internal/process/task_queues:105:5)
    at async Connection.command (C:\Users\risla\OneDrive\Documents\Career-Hub\apps\backend\node_modules\mongodb\src\cmap\connection.ts:633:22)
    at async Server.command (C:\Users\risla\OneDrive\Documents\Career-Hub\apps\backend\node_modules\mongodb\src\sdam\server.ts:350:21)
    at async tryOperation (C:\Users\risla\OneDrive\Documents\Career-Hub\apps\backend\node_modules\mongodb\src\operations\execute_operation.ts:289:24)
    at async executeOperation (C:\Users\risla\OneDrive\Documents\Career-Hub\apps\backend\node_modules\mongodb\src\operations\execute_operation.ts:119:12)
    at async AggregationCursor._initialize (C:\Users\risla\OneDrive\Documents\Career-Hub\apps\backend\node_modules\mongodb\src\cursor\aggregation_cursor.ts:92:22)
    at async AggregationCursor.cursorInit (C:\Users\risla\OneDrive\Documents\Career-Hub\apps\backend\node_modules\mongodb\src\cursor\abstract_cursor.ts:949:21)
    at async AggregationCursor.fetchBatch (C:\Users\risla\OneDrive\Documents\Career-Hub\apps\backend\node_modules\mongodb\src\cursor\abstract_cursor.ts:987:7)
    at async AggregationCursor.next (C:\Users\risla\OneDrive\Documents\Career-Hub\apps\backend\node_modules\mongodb\src\cursor\abstract_cursor.ts:608:9)
2026-06-02 20:55:41 [[31merror[39m]: MongoServerError: Regular expression is invalid: missing closing parenthesis
    at Connection.sendCommand (C:\Users\risla\OneDrive\Documents\Career-Hub\apps\backend\node_modules\mongodb\src\cmap\connection.ts:559:17)
    at process.processTicksAndRejections (node:internal/process/task_queues:105:5)
    at async Connection.command (C:\Users\risla\OneDrive\Documents\Career-Hub\apps\backend\node_modules\mongodb\src\cmap\connection.ts:633:22)
    at async Server.command (C:\Users\risla\OneDrive\Documents\Career-Hub\apps\backend\node_modules\mongodb\src\sdam\server.ts:350:21)
    at async tryOperation (C:\Users\risla\OneDrive\Documents\Career-Hub\apps\backend\node_modules\mongodb\src\operations\execute_operation.ts:289:24)
    at async executeOperation (C:\Users\risla\OneDrive\Documents\Career-Hub\apps\backend\node_modules\mongodb\src\operations\execute_operation.ts:119:12)
    at async AggregationCursor._initialize (C:\Users\risla\OneDrive\Documents\Career-Hub\apps\backend\node_modules\mongodb\src\cursor\aggregation_cursor.ts:92:22)
    at async AggregationCursor.cursorInit (C:\Users\risla\OneDrive\Documents\Career-Hub\apps\backend\node_modules\mongodb\src\cursor\abstract_cursor.ts:949:21)
    at async AggregationCursor.fetchBatch (C:\Users\risla\OneDrive\Documents\Career-Hub\apps\backend\node_modules\mongodb\src\cursor\abstract_cursor.ts:987:7)
    at async AggregationCursor.next (C:\Users\risla\OneDrive\Documents\Career-Hub\apps\backend\node_modules\mongodb\src\cursor\abstract_cursor.ts:608:9)
2026-06-02 20:56:14 [[32minfo[39m]: Server running on http://localhost:5000
2026-06-02 21:09:05 [[33mwarn[39m]: [TOKEN_EXPIRED] Token has expired
2026-06-02 21:09:05 [[33mwarn[39m]: [UNAUTHORIZED] Refresh token not found
