2026-05-26 10:38:52 [[32minfo[39m]: Server running on http://localhost:5000
2026-05-26 10:41:32 [[32minfo[39m]: Server running on http://localhost:5000
2026-05-26 10:41:37 [[32minfo[39m]: Server running on http://localhost:5000
2026-05-26 10:41:48 [[32minfo[39m]: Server running on http://localhost:5000
2026-05-26 10:41:53 [[32minfo[39m]: Server running on http://localhost:5000
2026-05-26 10:55:14 [[33mwarn[39m]: [TOKEN_EXPIRED] Token has expired
2026-05-26 10:55:14 [[33mwarn[39m]: [UNAUTHORIZED] Refresh token not found
2026-05-26 11:05:08 [[32minfo[39m]: Server running on http://localhost:5000
2026-05-26 11:05:12 [[32minfo[39m]: Server running on http://localhost:5000
2026-05-26 11:05:32 [[32minfo[39m]: Server running on http://localhost:5000
2026-05-26 11:05:37 [[32minfo[39m]: Server running on http://localhost:5000
2026-05-26 11:06:51 [[33mwarn[39m]: [UNAUTHORIZED] This email is registered as a HR. Please use the correct login portal.
2026-05-26 11:07:44 [[33mwarn[39m]: [VALIDATION_ERROR] Specialization must be at least 2 characters
2026-05-26 11:08:16 [[33mwarn[39m]: [VALIDATION_ERROR] Specialization must be at least 2 characters
2026-05-26 11:12:05 [[33mwarn[39m]: [VALIDATION_ERROR] Specialization must be at least 2 characters
2026-05-26 11:12:16 [[33mwarn[39m]: [VALIDATION_ERROR] Specialization must be at least 2 characters
2026-05-26 11:13:18 [[32minfo[39m]: Server running on http://localhost:5000
2026-05-26 11:13:29 [[32minfo[39m]: Server running on http://localhost:5000
2026-05-26 11:13:34 [[32minfo[39m]: Server running on http://localhost:5000
2026-05-26 11:13:39 [[32minfo[39m]: Server running on http://localhost:5000
2026-05-26 11:13:46 [[32minfo[39m]: Server running on http://localhost:5000
2026-05-26 11:13:53 [[32minfo[39m]: Server running on http://localhost:5000
2026-05-26 11:13:59 [[32minfo[39m]: Server running on http://localhost:5000
2026-05-26 11:14:11 [[32minfo[39m]: Server running on http://localhost:5000
2026-05-26 11:14:15 [[32minfo[39m]: Server running on http://localhost:5000
2026-05-26 11:14:20 [[32minfo[39m]: Server running on http://localhost:5000
2026-05-26 11:14:24 [[32minfo[39m]: Server running on http://localhost:5000
2026-05-26 11:16:44 [[32minfo[39m]: Server running on http://localhost:5000
2026-05-26 11:16:48 [[32minfo[39m]: Server running on http://localhost:5000
2026-05-26 11:18:38 [[32minfo[39m]: Server running on http://localhost:5000
2026-05-26 11:20:42 [[32minfo[39m]: Server running on http://localhost:5000
2026-05-26 11:22:06 [[33mwarn[39m]: [TOKEN_EXPIRED] Token has expired
2026-05-26 11:22:06 [[33mwarn[39m]: [UNAUTHORIZED] Refresh token not found
2026-05-26 13:29:25 [[32minfo[39m]: Server running on http://localhost:5000
