2026-05-13 03:42:04 [[32minfo[39m]: Server running on http://localhost:5000
2026-05-13 03:54:32 [[32minfo[39m]: Server running on http://localhost:5000
2026-05-13 03:54:52 [[32minfo[39m]: Server running on http://localhost:5000
2026-05-13 03:55:07 [[32minfo[39m]: Server running on http://localhost:5000
2026-05-13 03:59:24 [[32minfo[39m]: Server running on http://localhost:5000
2026-05-13 03:59:34 [[32minfo[39m]: Server running on http://localhost:5000
2026-05-13 03:59:53 [[32minfo[39m]: Server running on http://localhost:5000
2026-05-13 03:59:59 [[32minfo[39m]: Server running on http://localhost:5000
2026-05-13 04:04:18 [[32minfo[39m]: Server running on http://localhost:5000
2026-05-13 04:23:27 [[33mwarn[39m]: [USER_ALREADY_EXISTS] This email is already registered as a Interviewer
2026-05-13 04:23:42 [[33mwarn[39m]: [TOKEN_EXPIRED] Token has expired
2026-05-13 04:23:42 [[33mwarn[39m]: [TOKEN_EXPIRED] Token has expired
2026-05-13 04:23:42 [[33mwarn[39m]: [UNAUTHORIZED] Refresh token not found
2026-05-13 04:23:50 [[33mwarn[39m]: [USER_ALREADY_EXISTS] This email is already registered as a Interviewer
2026-05-13 04:24:04 [[33mwarn[39m]: [USER_ALREADY_EXISTS] This email is already registered as a Interviewer
2026-05-13 04:28:14 [[33mwarn[39m]: [USER_ALREADY_EXISTS] This email is already registered as a Interviewer
2026-05-13 04:35:12 [[33mwarn[39m]: [USER_NOT_FOUND] Interviewer (tefiy83302@codoteam.com%20What%20is%20Disposable%20Temporary%20E-mail?%20Disposable%20email%20-%20is%20a%20free%20email%20service%20that%20allows%20to%20receive%20email%20at%20a%20temporary%20address%20that%20self-destructed%20after%20a%20certain%20time%20elapses.%20It%20is%20also%20known%20by%20names%20like%20:%20tempmail,%2010minutemail,%2010minmail,%20throwaway%20email,%20fake-mail%20,%20fake%20email%20generator,%20burner%20mail%20or%20trash-mail.%20Many%20forums,%20Wi-Fi%20owners,%20websites%20and%20blogs%20ask%20visitors%20to%20register%20before%20they%20can%20view%20content,%20post%20comments%20or%20download%20something.%20Temp-Mail%20-%20is%20most%20advanced%20throwaway%20email%20service%20that%20helps%20you%20avoid%20spam%20and%20stay%20safe.%20Popular%20Articles%20Private%20domains.%20How%20to%20get%20your%20own%20Temporary%20Email%20(2021)%20How%20to%20create%20temporary%20email%20on%20your%20own%20private%20domain%20and%20how%20it%20helps%20you%20to%20bypass%20common%20issues%20with%20registrations.%20How%20to%20receive%20SMS%20otp%20verification%20online%20in%205%20min.%20Guide.%20(2021)%20In%20this%20guide,%20we%E2%80%99ll%20detail%20how%20to%20use%20a%20temporary%20phone%20number%20to%20receive%20one-time%20password%20(OTP)%20verification%20code%20texts%20to%20register%20for%20online%20services.%20New%20Temp%20Mail%20app%20for%20Android%20(2021)%20Read%20about%20the%20new%20features%20of%20Temp%20Mail%20mobile%20app%20for%20Android%20smartphones%20and%20tablets.%20Top%20mobile%20games%20for%20Android%20and%20registration%20via%20anonymous%20email%20Mobile%20games%20are%20perfect%20when%20you%20have%20some%20spare%20time%20or%20feel%20boring.%20Many%20best-selling%20projects%20that%20had%20millions%20of%20fans%20among%20PC%20gamers...%20What%20is%20ransomware.%20The%20differences%20between%20ransomware%20and%20viruses%20and%20how%20to%20protect%20yourself%20from%20ransomware%20As%20technology%20actively%20develops,%20intruders%20use%20ever%20more%20sophisticated%20methods%20of%20stealing%20our%20money.%20We%20often%20get%20short%20messages%20to%20the%20mail%20or%20mobile...%20Disposable%20email%20for%20a%20Social%20media%20(Facebook,%20etc...)%20Every%20time,%20you%20want%20to%20create%20account%20on%20some%20forum%20or%20social%20media,%20like%20Facebook,%20you%20have%20to%20enter%20information%20about%20your%20e-mail%20box%20to%20get%20an%20activation%20link...%20The%20Tech%20behind%20Disposable%20Email%20Addresses%20Everyone%20owns%20an%20email%20address%20each%20and%20every%20hour,%20for%20everything%20from%20connecting%20at%20work,%20with%20business%20prospects,%20reaching%20out%20to%20friends%20and%20colleagues%20using%20the%20email%20address%20as%20an%20online%20passport.%20Nearly%2099%%20of%20all%20apps%20and%20services%20we%20sign-up%20today%20required%20an%20email%20address,%20likewise%20to%20most%20shoppers%20loyalty%20cards,%20contest%20and%20offer%20entries,%20and%20more.%20We%20all%20enjoy%20having%20an%20email%20address,%20but%20getting%20tons%20of%20spam%20emails%20each%20day%20doesn%E2%80%99t%20feel%20comfortable.%20Furthermore,%20it%E2%80%99s%20entirely%20common%20for%20stores%20to%20have%20their%20databases%20hacked,%20leaving%20your%20business%20email%20address%20at%20risk%20and%20more%20likely%20to%20end%20up%20on%20spam%20lists.%20Still,%20nothing%20done%20online%20is%20100%%20private.%20Thus%20you%20need%20to%20protect%20your%20email%20contact%20identity%20and%20best%20done%20using%20disposable%20emails%20address.%20So,%20What%20Is%20A%20Disposable%20Email%20Address?%20Recently,%20I%20found%20a%20bounce%20rate%20complex%20than%20usual%20on%20my%20latest%20email%20blast!%20I%20later%20realized%20the%20surge%20of%20users%20(or%20bots)%20signing%20up%20for%20my%20services%20hiding%20their%20real%20identity%20using%20disposable%20mail%20addresses.%20Disposable%20email%20address%20(DEA)%20technically%20means%20an%20approach%20where%20a%20user%E2%80%99s%20with%20a%20unique%20email%20address%20gets%20a%20temporary%20email%20address%20for%20your%20current%20contact.%20The%20DEA%20allow%20the%20creation%20of%20an%20email%20address%20that%20passes%20validity%20need%20to%20sign-up%20for%20services%20and%20website%20without%20having%20to%20show%20your%20true%20identity.%20Disposable%20emails%20address%20if%20compromised%20or%20used%20in%20connection%20with%20email%20abuse%20online,%20the%20owner%20can%E2%80%99t%20be%20tied%20to%20the%20abuse%20and%20quickly%20cancel%20its%20application%20without%20affecting%20other%20contacts.%20With%20temporary%20mail,%20you%20can%20you%20receive%20your%20emails%20from%20the%20fake%20emails%20in%20your%20genuine%20emails%20address%20for%20a%20specified%20time%20set.%20The%20fake%20email%20address%20is%20simply%20a%20through-away%20email,%20temporary%20email%20set%20and%20self-destructs%20email.%20Why%20would%20you%20need%20a%20fake%20email%20address?%20You%20must%20have%20noted%20services%20such%20as%20Amazon%20Prime,%20Hulu%20and%20Netflix%20allow%20limited-time%20test%20runs(trials),%20however,%20if%20still%20determined%20to%20use%20the%20services%20all%20you%20need%20is%20a%20disposable%20email%20address.%20Technically,%20you%20can%20extend%20your%20trial%20usage%20using%20a%20different%20email%20address%20linked%20to%20your%20original%20(genuine)%20after%20the%20trial%20period%20expires.%20An%20offline%20or%20online%20retailer%20tend%20to%20demand%20an%20email%20address%20to%20take%20advantage%20of%20their%20offers,%20however,%20this%20result%20in%20an%20unwanted%20deluge%20of%20spam%20promotional%20emails%20that%20you%20could%20avoid.%20Temporary%20email%20address%20makes%20it%20easy%20to%20cut%20out%20those%20irritating%20messages%20you%20are%20still%20receiving.%20Technically,%20the%20idea%20of%20a%20temporary%20email%20address%20conjures%20up%20with%20black%20hat%20hackers%20and%20underworld%20internet,%20but%20there%20are%20convincing%20reason%20to%20us%20fake%20email%20services.%20If%20you%20are%20looking%20for%20legitimate%20reasons%20to%20use%20a%20disposable%20email%20address%20here%E2%80%99s%20a%20few:%20Sign-Up%20For%20Store%20Loyalty%20Card:%20If%20you%20don%E2%80%99t%20want%20to%20get%20promotional%20emails%20from%20the%20store%20adverting%20new%20products,%20use%20a%20disposable%20email%20address%20instead%20of%20your%20business%20email%20address,%20and%20you%20rule%20out%20spam%20emails.%20If%20the%20store%20gets%20hacked%20for%20email,%20you%20real%20email%20address%20won%E2%80%99t%20get%20stolen.%20Test%20Your%20App:%20You%20just%20completed%20coding%20a%20web%20app,%20and%20you%20want%20to%20test%20it%20comprehensively%20before%20releasing%20it%20for%20sale,%20you%20can%20easily%20get%20100%20disposable%20emails,%20create%20dummy%20accounts%20and%20test%20it%20yourself%20other%20than%20hiring%20unreliable%20users%20online%20to%20test%20the%20app.%20Sign-Up%20For%20Double%20Account%20With%20A%20Web%20App:%20You%20need%20another%20IFTTT%20account%20to%20program%20a%20second%20Twitter%20account%20run%20for%20your%20marketing%20site.%20A%20new%20account%20needs%20a%20different%20mail%20from%20your%20default,%20to%20rule%20out%20managing%20a%20new%20email%20inbox,%20get%20a%20new%20disposable%20email%20address%20at%20temp-mail.org%20Eliminate%20Spam:%20A%20Disposable%20email%20address%20is%20a%20very%20useful%20tool%20against%20spam,%20especially,%20for%20users%20who%20consistently%20access%20web%20forms,%20forums%20and%20discussion%20groups%20you%20can%20curb%20spam%20to%20an%20absolute%20minimum%20with%20a%20disposable%20email%20address.%20How%20to%20Choose%20a%20Disposable%20Email?%20The%20best%20fake%20email%20provider%20should:%20Allow%20users%20create%20temporary%20emails%20address%20at%20the%20click%20of%20a%20button.%20No%20registration%20is%20registration%20or%20identity%20information%20about%20the%20user.%20The%20email%20address%20should%20remain%20anonymous.%20Offer%20more%20than%20one%20email%20address%20(as%20many%20as%20you%20may%20want).%20Offers%20temporarily%20email%20stored%20(temporal%20email%20inbox%20at%20user%E2%80%99s%20disposal).%20Straightforward%20and%20functional%20design%20to%20get%20a%20mundane%20email.%20Provider%20random%20account%20and%20users%20can%20choose%20an%20address%20of%20choice.%20Thus%20stay%20spam%20free%20and%20save%20time%20with%20temp-mail.org%20your%20favorite%20email%20service.%20How%20to%20Use%20Disposable%20Email%20Address?%20Users%20choose%20to%20get%20disposable%20email%20address%20by%20creating%20a%20new%20email%20account%20with%20their%20current%20email%20provider%E2%80%99s%20such%20as%20Gmail,%20but%20the%20account%20comes%20with%20many%20challenges%20such%20as%20you%20will%20have%20to%20manage%20emails%20new%20account.%20Users,%20who%20opt%20for%20free%20mail%20services%20by%20creating%20a%20new%20account,%20put%20up%20with%20a%20new%20email%20address.%20It%E2%80%99d%20work%20if%20you%20had%20one%20email%20address%20and%20a%20few%20disposable%20emails%20from%20temp-mail.org%20and%20managed%20one%20account%20inbox.%20The%20amazing%20thing%20about%20a%20disposable%20email%20address%20is%20you%20can%20forward%20directly%20to%20your%20real%20email%20account.%20In%20case%20the%20disposable%20email%20address%20is%20compromised,%20and%20you%20are%20suspicious%20of%20one%20of%20your%20contacts%20you%20can%20have%20those%20emails%20sent%20directly%20to%20your%20trash,%20and%20for%20those%20necessary%20connections%20have%20them%20sent%20directly%20to%20your%20real%20email%20address%20inbox.%20To%20Conclude:%20Have%20a%20disposable%20mail%20address%20system%20set%20up%20in%20a%20fantastic%20way%20to%20make%20sure%20when%20you%20participate%20in%20online%20wikis,%20chat%20rooms,%20and%20file%20sharing%20services%20and%20bulletin%20boards%20forums%20your%20real%20identity%20is%20never%20disclosed%20and%20never%20sold%20to%20anyone%20to%20avoid%20mail%20spam%20with%20Temp-mail.org.%20PREMIUM%20API%20Articles%2010%20MINUTE%20MAIL%20Email%20Generator%20Privacy%20Terms%20FAQ%20Contacts%20Advertising%20Temp%20Number%20|%2010MinuteMail%20|%20White%20Label%20SMS%20API%20en) not found. Please ask your admin to resend the invite.
2026-05-13 04:37:20 [[32minfo[39m]: Server running on http://localhost:5000
2026-05-13 04:40:52 [[33mwarn[39m]: [UNAUTHORIZED] Your account has been blocked by admin.
2026-05-13 04:41:02 [[33mwarn[39m]: [UNAUTHORIZED] Your account has been blocked by admin.
2026-05-13 04:43:47 [[32minfo[39m]: Server running on http://localhost:5000
2026-05-13 04:44:44 [[32minfo[39m]: Server running on http://localhost:5000
2026-05-13 04:52:37 [[33mwarn[39m]: [UNAUTHORIZED] Your account has been blocked by admin.
2026-05-13 04:58:44 [[33mwarn[39m]: [UNAUTHORIZED] Access token missing
2026-05-13 04:58:44 [[33mwarn[39m]: [UNAUTHORIZED] Refresh token not found
2026-05-13 05:01:12 [[33mwarn[39m]: [UNAUTHORIZED] Your account has been blocked by admin.
2026-05-13 05:01:23 [[33mwarn[39m]: [INVALID_CREDENTIALS] Invalid email or password
2026-05-13 05:15:26 [[32minfo[39m]: Server running on http://localhost:5000
2026-05-13 09:04:36 [[33mwarn[39m]: [UNAUTHORIZED] Access token missing
2026-05-13 09:04:36 [[33mwarn[39m]: [UNAUTHORIZED] Refresh token not found
2026-05-13 09:04:36 [[33mwarn[39m]: [UNAUTHORIZED] Access token missing
2026-05-13 09:04:36 [[33mwarn[39m]: [UNAUTHORIZED] Access token missing
2026-05-13 09:04:36 [[33mwarn[39m]: [UNAUTHORIZED] Refresh token not found
2026-05-13 09:04:58 [[32minfo[39m]: Server running on http://localhost:5000
2026-05-13 09:18:05 [[33mwarn[39m]: [UNAUTHORIZED] Your account has been blocked by admin.
2026-05-13 09:21:19 [[32minfo[39m]: Server running on http://localhost:5000
2026-05-13 09:21:37 [[32minfo[39m]: Server running on http://localhost:5000
2026-05-13 09:25:08 [[33mwarn[39m]: [VALIDATION_ERROR] 
2026-05-13 09:40:21 [[33mwarn[39m]: [TOKEN_EXPIRED] Token has expired
2026-05-13 09:40:21 [[33mwarn[39m]: [TOKEN_EXPIRED] Token has expired
2026-05-13 09:40:21 [[33mwarn[39m]: [UNAUTHORIZED] Refresh token not found
2026-05-13 09:45:16 [[33mwarn[39m]: [UNAUTHORIZED] Your account has been blocked by admin.
2026-05-13 09:48:10 [[33mwarn[39m]: [UNAUTHORIZED] Your account has been blocked or no longer exists.
2026-05-13 09:53:23 [[32minfo[39m]: Server running on http://localhost:5000
2026-05-13 09:53:31 [[33mwarn[39m]: [UNAUTHORIZED] Organization ID not found in session
2026-05-13 09:53:31 [[33mwarn[39m]: [UNAUTHORIZED] Refresh token not found
2026-05-13 09:53:31 [[33mwarn[39m]: [UNAUTHORIZED] Organization ID not found in session
2026-05-13 09:53:31 [[33mwarn[39m]: [UNAUTHORIZED] Refresh token not found
2026-05-13 09:54:43 [[33mwarn[39m]: [UNAUTHORIZED] Organization ID not found in session
2026-05-13 09:54:43 [[33mwarn[39m]: [UNAUTHORIZED] Refresh token not found
2026-05-13 09:54:43 [[33mwarn[39m]: [UNAUTHORIZED] Organization ID not found in session
2026-05-13 09:54:43 [[33mwarn[39m]: [UNAUTHORIZED] Refresh token not found
2026-05-13 09:55:01 [[33mwarn[39m]: [UNAUTHORIZED] Organization ID not found in session
2026-05-13 09:55:01 [[33mwarn[39m]: [UNAUTHORIZED] Refresh token not found
2026-05-13 09:55:01 [[33mwarn[39m]: [UNAUTHORIZED] Organization ID not found in session
2026-05-13 09:55:01 [[33mwarn[39m]: [UNAUTHORIZED] Refresh token not found
2026-05-13 09:55:51 [[33mwarn[39m]: [UNAUTHORIZED] This email is registered as a College Admin. Please use the correct login portal.
2026-05-13 09:56:18 [[33mwarn[39m]: [UNAUTHORIZED] Organization ID not found in session
2026-05-13 09:56:18 [[33mwarn[39m]: [UNAUTHORIZED] Refresh token not found
2026-05-13 09:56:18 [[33mwarn[39m]: [UNAUTHORIZED] Organization ID not found in session
2026-05-13 09:56:18 [[33mwarn[39m]: [UNAUTHORIZED] Refresh token not found
2026-05-13 09:57:18 [[33mwarn[39m]: [UNAUTHORIZED] Company ID not found in session
2026-05-13 09:57:18 [[33mwarn[39m]: [UNAUTHORIZED] Refresh token not found
2026-05-13 09:58:34 [[32minfo[39m]: Server running on http://localhost:5000
2026-05-13 10:00:03 [[33mwarn[39m]: [UNAUTHORIZED] Your account has been blocked or no longer exists.
2026-05-13 10:00:49 [[33mwarn[39m]: [UNAUTHORIZED] Your account has been blocked or no longer exists.
2026-05-13 10:01:09 [[33mwarn[39m]: [UNAUTHORIZED] Your account has been blocked by admin.
2026-05-13 10:04:06 [[33mwarn[39m]: [INTERNAL_ERROR] Verification details cannot be uploaded at this stage
2026-05-13 10:15:30 [[33mwarn[39m]: [TOKEN_EXPIRED] Token has expired
2026-05-13 10:15:30 [[33mwarn[39m]: [TOKEN_EXPIRED] Token has expired
2026-05-13 10:15:30 [[33mwarn[39m]: [TOKEN_EXPIRED] Token has expired
2026-05-13 10:15:30 [[33mwarn[39m]: [TOKEN_EXPIRED] Token has expired
2026-05-13 10:15:30 [[33mwarn[39m]: [UNAUTHORIZED] Refresh token not found
2026-05-13 10:18:43 [[33mwarn[39m]: [UNAUTHORIZED] Access token missing
2026-05-13 10:18:43 [[33mwarn[39m]: [UNAUTHORIZED] Refresh token not found
2026-05-13 10:31:18 [[33mwarn[39m]: [TOKEN_EXPIRED] Token has expired
2026-05-13 10:31:18 [[33mwarn[39m]: [UNAUTHORIZED] Refresh token not found
2026-05-13 10:45:18 [[33mwarn[39m]: [TOKEN_EXPIRED] Token has expired
2026-05-13 10:45:18 [[33mwarn[39m]: [UNAUTHORIZED] Refresh token not found
2026-05-13 10:45:42 [[32minfo[39m]: Server running on http://localhost:5000
2026-05-13 10:49:18 [[33mwarn[39m]: [TOKEN_EXPIRED] Token has expired
2026-05-13 10:49:18 [[33mwarn[39m]: [UNAUTHORIZED] Refresh token not found
2026-05-13 10:56:35 [[33mwarn[39m]: [INTERNAL_ERROR] Account is already setup
2026-05-13 10:56:35 [[33mwarn[39m]: [INTERNAL_ERROR] Account is already setup
2026-05-13 11:00:06 [[33mwarn[39m]: [UNAUTHORIZED] Your account has been blocked or no longer exists.
2026-05-13 11:02:19 [[33mwarn[39m]: [UNAUTHORIZED] Your account has been blocked or no longer exists.
2026-05-13 11:10:27 [[32minfo[39m]: Server running on http://localhost:5000
2026-05-13 11:12:09 [[32minfo[39m]: Server running on http://localhost:5000
2026-05-13 11:16:56 [[33mwarn[39m]: [UNAUTHORIZED] Access token missing
2026-05-13 11:16:56 [[33mwarn[39m]: [UNAUTHORIZED] Refresh token not found
2026-05-13 11:20:37 [[32minfo[39m]: Server running on http://localhost:5000
2026-05-13 11:23:52 [[33mwarn[39m]: [INVALID_CREDENTIALS] Invalid or expired OTP
2026-05-13 11:25:09 [[32minfo[39m]: Server running on http://localhost:5000
2026-05-13 11:32:35 [[32minfo[39m]: Server running on http://localhost:5000
2026-05-13 11:32:49 [[32minfo[39m]: Server running on http://localhost:5000
2026-05-13 11:35:19 [[33mwarn[39m]: [UNAUTHORIZED] Access token missing
2026-05-13 11:35:19 [[33mwarn[39m]: [UNAUTHORIZED] Refresh token not found
2026-05-13 11:37:49 [[31merror[39m]: MongoServerError: Plan executor error during findAndModify :: caused by :: E11000 duplicate key error collection: careerhub.organizations index: name_1 dup key: { name: "nijas" }
    at Connection.sendCommand (C:\Users\risla\OneDrive\Documents\Career-Hub\apps\backend\node_modules\mongodb\src\cmap\connection.ts:559:17)
    at process.processTicksAndRejections (node:internal/process/task_queues:105:5)
    at async Connection.command (C:\Users\risla\OneDrive\Documents\Career-Hub\apps\backend\node_modules\mongodb\src\cmap\connection.ts:633:22)
    at async Server.command (C:\Users\risla\OneDrive\Documents\Career-Hub\apps\backend\node_modules\mongodb\src\sdam\server.ts:350:21)
    at async tryOperation (C:\Users\risla\OneDrive\Documents\Career-Hub\apps\backend\node_modules\mongodb\src\operations\execute_operation.ts:289:24)
    at async executeOperation (C:\Users\risla\OneDrive\Documents\Career-Hub\apps\backend\node_modules\mongodb\src\operations\execute_operation.ts:119:12)
    at async Collection.findOneAndUpdate (C:\Users\risla\OneDrive\Documents\Career-Hub\apps\backend\node_modules\mongodb\src\collection.ts:1041:12)
    at async model.Query._findOneAndUpdate (C:\Users\risla\OneDrive\Documents\Career-Hub\apps\backend\node_modules\mongoose\lib\query.js:3536:13)
    at async model.Query.exec (C:\Users\risla\OneDrive\Documents\Career-Hub\apps\backend\node_modules\mongoose\lib\query.js:4627:63)
    at async OrganizationRepository.update (C:\Users\risla\OneDrive\Documents\Career-Hub\apps\backend\src\infrastructure\repositories\BaseRepository.ts:21:21)
2026-05-13 11:37:58 [[31merror[39m]: MongoServerError: Plan executor error during findAndModify :: caused by :: E11000 duplicate key error collection: careerhub.organizations index: name_1 dup key: { name: "nijas" }
    at Connection.sendCommand (C:\Users\risla\OneDrive\Documents\Career-Hub\apps\backend\node_modules\mongodb\src\cmap\connection.ts:559:17)
    at process.processTicksAndRejections (node:internal/process/task_queues:105:5)
    at async Connection.command (C:\Users\risla\OneDrive\Documents\Career-Hub\apps\backend\node_modules\mongodb\src\cmap\connection.ts:633:22)
    at async Server.command (C:\Users\risla\OneDrive\Documents\Career-Hub\apps\backend\node_modules\mongodb\src\sdam\server.ts:350:21)
    at async tryOperation (C:\Users\risla\OneDrive\Documents\Career-Hub\apps\backend\node_modules\mongodb\src\operations\execute_operation.ts:289:24)
    at async executeOperation (C:\Users\risla\OneDrive\Documents\Career-Hub\apps\backend\node_modules\mongodb\src\operations\execute_operation.ts:119:12)
    at async Collection.findOneAndUpdate (C:\Users\risla\OneDrive\Documents\Career-Hub\apps\backend\node_modules\mongodb\src\collection.ts:1041:12)
    at async model.Query._findOneAndUpdate (C:\Users\risla\OneDrive\Documents\Career-Hub\apps\backend\node_modules\mongoose\lib\query.js:3536:13)
    at async model.Query.exec (C:\Users\risla\OneDrive\Documents\Career-Hub\apps\backend\node_modules\mongoose\lib\query.js:4627:63)
    at async OrganizationRepository.update (C:\Users\risla\OneDrive\Documents\Career-Hub\apps\backend\src\infrastructure\repositories\BaseRepository.ts:21:21)
2026-05-13 11:41:30 [[32minfo[39m]: Server running on http://localhost:5000
2026-05-13 11:41:35 [[32minfo[39m]: Server running on http://localhost:5000
2026-05-13 11:42:06 [[32minfo[39m]: Server running on http://localhost:5000
2026-05-13 11:42:16 [[32minfo[39m]: Server running on http://localhost:5000
2026-05-13 11:44:58 [[33mwarn[39m]: [UNAUTHORIZED] Access token missing
2026-05-13 11:44:58 [[33mwarn[39m]: [UNAUTHORIZED] Refresh token not found
2026-05-13 11:46:47 [[32minfo[39m]: Server running on http://localhost:5000
2026-05-13 11:46:51 [[33mwarn[39m]: [VALIDATION_ERROR] This email is already registered as a College Admin
2026-05-13 11:49:02 [[33mwarn[39m]: [UNAUTHORIZED] Your account is not active
2026-05-13 11:50:09 [[33mwarn[39m]: [TOKEN_EXPIRED] Token has expired
2026-05-13 11:50:09 [[33mwarn[39m]: [UNAUTHORIZED] Refresh token not found
2026-05-13 11:50:09 [[33mwarn[39m]: [TOKEN_EXPIRED] Token has expired
2026-05-13 11:50:09 [[33mwarn[39m]: [UNAUTHORIZED] Refresh token not found
2026-05-13 11:50:34 [[33mwarn[39m]: [INVALID_CREDENTIALS] Invalid email or password
2026-05-13 11:55:02 [[33mwarn[39m]: [USER_ALREADY_EXISTS] This email is already registered as a HR
2026-05-13 11:59:30 [[33mwarn[39m]: [UNAUTHORIZED] Your account is not active
2026-05-13 12:01:11 [[33mwarn[39m]: [UNAUTHORIZED] Access token missing
2026-05-13 12:01:11 [[33mwarn[39m]: [UNAUTHORIZED] Refresh token not found
2026-05-13 12:06:18 [[33mwarn[39m]: [TOKEN_EXPIRED] Token has expired
2026-05-13 12:06:18 [[33mwarn[39m]: [UNAUTHORIZED] Refresh token not found
2026-05-13 12:16:47 [[32minfo[39m]: Server running on http://localhost:5000
2026-05-13 12:16:57 [[32minfo[39m]: Server running on http://localhost:5000
2026-05-13 12:17:18 [[33mwarn[39m]: [TOKEN_EXPIRED] Token has expired
2026-05-13 12:17:19 [[33mwarn[39m]: [UNAUTHORIZED] Refresh token not found
2026-05-13 12:21:38 [[33mwarn[39m]: [UNAUTHORIZED] Your account is not active. Please verify your email.
2026-05-13 12:22:54 [[32minfo[39m]: Server running on http://localhost:5000
2026-05-13 12:23:04 [[32minfo[39m]: Server running on http://localhost:5000
2026-05-13 12:23:52 [[32minfo[39m]: Server running on http://localhost:5000
2026-05-13 12:24:32 [[33mwarn[39m]: [VALIDATION_ERROR] otp must be longer than or equal to 6 characters, otp should not be empty
2026-05-13 12:24:43 [[33mwarn[39m]: [VALIDATION_ERROR] otp must be longer than or equal to 6 characters, otp should not be empty
2026-05-13 12:25:11 [[33mwarn[39m]: [USER_ALREADY_EXISTS] This email is already registered as a HR
2026-05-13 12:26:27 [[32minfo[39m]: Server running on http://localhost:5000
2026-05-13 12:26:34 [[32minfo[39m]: Server running on http://localhost:5000
2026-05-13 12:26:41 [[32minfo[39m]: Server running on http://localhost:5000
2026-05-13 12:56:39 [[32minfo[39m]: Server running on http://localhost:5000
2026-05-13 13:00:27 [[33mwarn[39m]: [UNAUTHORIZED] Your account has been blocked or no longer exists.
2026-05-13 13:01:04 [[33mwarn[39m]: [UNAUTHORIZED] Your account is not active
2026-05-13 13:02:15 [[33mwarn[39m]: [UNAUTHORIZED] Your account is not active
2026-05-13 13:03:03 [[33mwarn[39m]: [UNAUTHORIZED] Your account is not active
2026-05-13 13:04:28 [[32minfo[39m]: Server running on http://localhost:5000
2026-05-13 13:04:38 [[32minfo[39m]: Server running on http://localhost:5000
2026-05-13 13:05:03 [[32minfo[39m]: Server running on http://localhost:5000
2026-05-13 13:05:21 [[32minfo[39m]: Server running on http://localhost:5000
2026-05-13 13:05:47 [[32minfo[39m]: Server running on http://localhost:5000
2026-05-13 13:11:09 [[32minfo[39m]: Server running on http://localhost:5000
2026-05-13 13:12:15 [[32minfo[39m]: Server running on http://localhost:5000
2026-05-13 13:12:43 [[32minfo[39m]: Server running on http://localhost:5000
2026-05-13 13:17:13 [[33mwarn[39m]: [VALIDATION_ERROR] contactEmail must be an email
2026-05-13 13:20:42 [[32minfo[39m]: Server running on http://localhost:5000
2026-05-13 13:23:30 [[32minfo[39m]: Server running on http://localhost:5000
2026-05-13 13:25:57 [[32minfo[39m]: Server running on http://localhost:5000
