2026-06-03 00:35:49 [[33mwarn[39m]: [UNAUTHORIZED] Access token missing
2026-06-03 00:35:49 [[33mwarn[39m]: [UNAUTHORIZED] Access token missing
2026-06-03 00:35:49 [[33mwarn[39m]: [UNAUTHORIZED] Refresh token not found
2026-06-03 00:42:50 [[33mwarn[39m]: [TOKEN_EXPIRED] Token has expired
2026-06-03 00:42:50 [[33mwarn[39m]: [TOKEN_EXPIRED] Token has expired
2026-06-03 00:42:50 [[33mwarn[39m]: [UNAUTHORIZED] Refresh token not found
2026-06-03 00:43:19 [[33mwarn[39m]: [INVALID_CREDENTIALS] Invalid or expired OTP
2026-06-03 00:45:22 [[33mwarn[39m]: [INVALID_CREDENTIALS] Invalid email or password
2026-06-03 00:47:55 [[33mwarn[39m]: [INVALID_CREDENTIALS] Invalid or expired OTP
2026-06-03 00:49:25 [[33mwarn[39m]: [INVALID_CREDENTIALS] Invalid email or password
2026-06-03 00:53:59 [[32minfo[39m]: Server running on http://localhost:5000
2026-06-03 00:59:11 [[33mwarn[39m]: [VALIDATION_ERROR] This email is already registered as a College Admin
2026-06-03 01:05:37 [[33mwarn[39m]: [TOKEN_EXPIRED] Token has expired
2026-06-03 01:05:37 [[33mwarn[39m]: [TOKEN_EXPIRED] Token has expired
2026-06-03 01:05:37 [[33mwarn[39m]: [UNAUTHORIZED] Refresh token not found
2026-06-03 01:12:36 [[32minfo[39m]: Server running on http://localhost:5000
2026-06-03 01:12:50 [[32minfo[39m]: Server running on http://localhost:5000
2026-06-03 01:13:58 [[32minfo[39m]: Server running on http://localhost:5000
2026-06-03 01:20:02 [[33mwarn[39m]: [TOKEN_EXPIRED] Token has expired
2026-06-03 01:20:02 [[33mwarn[39m]: [UNAUTHORIZED] Refresh token not found
2026-06-03 01:46:37 [[32minfo[39m]: Server running on http://localhost:5000
2026-06-03 01:46:49 [[32minfo[39m]: Server running on http://localhost:5000
2026-06-03 01:49:29 [[33mwarn[39m]: [UNAUTHORIZED] Access token missing
2026-06-03 01:49:30 [[33mwarn[39m]: [UNAUTHORIZED] Access token missing
2026-06-03 01:49:30 [[33mwarn[39m]: [UNAUTHORIZED] Refresh token not found
2026-06-03 01:49:30 [[33mwarn[39m]: [UNAUTHORIZED] Access token missing
2026-06-03 01:49:30 [[33mwarn[39m]: [UNAUTHORIZED] Refresh token not found
2026-06-03 02:06:50 [[32minfo[39m]: Server running on http://localhost:5000
2026-06-03 02:07:26 [[33mwarn[39m]: [TOKEN_EXPIRED] Token has expired
2026-06-03 02:07:26 [[33mwarn[39m]: [UNAUTHORIZED] Refresh token not found
2026-06-03 02:14:27 [[33mwarn[39m]: [TOKEN_EXPIRED] Token has expired
2026-06-03 02:14:27 [[33mwarn[39m]: [UNAUTHORIZED] Refresh token not found
2026-06-03 02:14:27 [[33mwarn[39m]: [TOKEN_EXPIRED] Token has expired
2026-06-03 02:14:27 [[33mwarn[39m]: [UNAUTHORIZED] Refresh token not found
2026-06-03 02:28:10 [[33mwarn[39m]: [UNAUTHORIZED] Access token missing
2026-06-03 02:28:10 [[33mwarn[39m]: [UNAUTHORIZED] Access token missing
2026-06-03 02:28:10 [[33mwarn[39m]: [UNAUTHORIZED] Refresh token not found
2026-06-03 02:28:56 [[33mwarn[39m]: [TOKEN_EXPIRED] Token has expired
2026-06-03 02:28:56 [[33mwarn[39m]: [UNAUTHORIZED] Refresh token not found
2026-06-03 02:28:59 [[33mwarn[39m]: [INVALID_CREDENTIALS] Invalid email or password
2026-06-03 02:31:05 [[32minfo[39m]: Server running on http://localhost:5000
2026-06-03 02:35:18 [[33mwarn[39m]: [TOKEN_EXPIRED] Token has expired
2026-06-03 02:35:18 [[33mwarn[39m]: [TOKEN_EXPIRED] Token has expired
2026-06-03 02:35:18 [[33mwarn[39m]: [UNAUTHORIZED] Refresh token not found
2026-06-03 02:36:35 [[32minfo[39m]: Server running on http://localhost:5000
2026-06-03 02:40:56 [[33mwarn[39m]: [UNAUTHORIZED] Access token missing
2026-06-03 02:51:54 [[32minfo[39m]: Server running on http://localhost:5000
2026-06-03 02:52:36 [[32minfo[39m]: Server running on http://localhost:5000
2026-06-03 02:52:47 [[32minfo[39m]: Server running on http://localhost:5000
2026-06-03 02:52:59 [[32minfo[39m]: Server running on http://localhost:5000
2026-06-03 02:53:13 [[32minfo[39m]: Server running on http://localhost:5000
2026-06-03 02:53:26 [[32minfo[39m]: Server running on http://localhost:5000
2026-06-03 02:54:16 [[32minfo[39m]: Server running on http://localhost:5000
2026-06-03 02:56:24 [[33mwarn[39m]: [UNAUTHORIZED] Access token missing
2026-06-03 02:56:24 [[33mwarn[39m]: [UNAUTHORIZED] Access token missing
2026-06-03 02:56:24 [[33mwarn[39m]: [UNAUTHORIZED] Refresh token not found
2026-06-03 02:57:23 [[33mwarn[39m]: [TOKEN_EXPIRED] Token has expired
2026-06-03 02:57:23 [[33mwarn[39m]: [TOKEN_EXPIRED] Token has expired
2026-06-03 02:57:24 [[33mwarn[39m]: [UNAUTHORIZED] Refresh token not found
2026-06-03 02:57:26 [[33mwarn[39m]: [TOKEN_EXPIRED] Token has expired
2026-06-03 02:57:27 [[33mwarn[39m]: [TOKEN_EXPIRED] Token has expired
2026-06-03 02:57:27 [[33mwarn[39m]: [UNAUTHORIZED] Refresh token not found
2026-06-03 03:12:59 [[33mwarn[39m]: [TOKEN_EXPIRED] Token has expired
2026-06-03 03:12:59 [[33mwarn[39m]: [UNAUTHORIZED] Refresh token not found
2026-06-03 03:13:48 [[33mwarn[39m]: [TOKEN_EXPIRED] Token has expired
2026-06-03 03:13:48 [[33mwarn[39m]: [UNAUTHORIZED] Refresh token not found
2026-06-03 03:29:04 [[33mwarn[39m]: [TOKEN_EXPIRED] Token has expired
2026-06-03 03:29:04 [[33mwarn[39m]: [UNAUTHORIZED] Refresh token not found
2026-06-03 03:51:09 [[32minfo[39m]: Server running on http://localhost:5000
2026-06-03 03:58:49 [[32minfo[39m]: Server running on http://localhost:5000
2026-06-03 04:09:49 [[32minfo[39m]: Server running on http://localhost:5000
2026-06-03 04:10:14 [[32minfo[39m]: Server running on http://localhost:5000
2026-06-03 04:12:31 [[32minfo[39m]: Server running on http://localhost:5000
2026-06-03 04:13:01 [[32minfo[39m]: Server running on http://localhost:5000
2026-06-03 04:15:40 [[32minfo[39m]: Server running on http://localhost:5000
2026-06-03 04:16:12 [[32minfo[39m]: Server running on http://localhost:5000
2026-06-03 04:16:23 [[33mwarn[39m]: [TOKEN_EXPIRED] Token has expired
2026-06-03 04:16:23 [[33mwarn[39m]: [TOKEN_EXPIRED] Token has expired
2026-06-03 04:16:24 [[33mwarn[39m]: [UNAUTHORIZED] Refresh token not found
2026-06-03 04:16:25 [[33mwarn[39m]: [TOKEN_EXPIRED] Token has expired
2026-06-03 04:16:25 [[33mwarn[39m]: [TOKEN_EXPIRED] Token has expired
2026-06-03 04:20:44 [[33mwarn[39m]: [TOKEN_EXPIRED] Token has expired
2026-06-03 04:20:44 [[33mwarn[39m]: [UNAUTHORIZED] Refresh token not found
2026-06-03 04:22:43 [[33mwarn[39m]: [TOKEN_EXPIRED] Token has expired
2026-06-03 04:22:44 [[33mwarn[39m]: [TOKEN_EXPIRED] Token has expired
2026-06-03 04:22:44 [[33mwarn[39m]: [UNAUTHORIZED] Refresh token not found
2026-06-03 04:25:54 [[32minfo[39m]: Server running on http://localhost:5000
2026-06-03 09:16:54 [[32minfo[39m]: Server running on http://localhost:5000
2026-06-03 09:23:24 [[33mwarn[39m]: [INVALID_CREDENTIALS] Invalid email or password
2026-06-03 09:24:24 [[33mwarn[39m]: [UNAUTHORIZED] Your institution has been blocked. Please contact admin.
2026-06-03 09:25:56 [[33mwarn[39m]: [UNAUTHORIZED] Account is pending invite. Please contact support.
2026-06-03 09:26:02 [[33mwarn[39m]: [UNAUTHORIZED] Account is pending invite. Please contact support.
2026-06-03 09:33:03 [[33mwarn[39m]: [TOKEN_EXPIRED] Token has expired
2026-06-03 09:33:03 [[33mwarn[39m]: [UNAUTHORIZED] Refresh token not found
2026-06-03 09:33:50 [[32minfo[39m]: Server running on http://localhost:5000
2026-06-03 09:40:06 [[33mwarn[39m]: [INVALID_CREDENTIALS] Invalid email or password
2026-06-03 09:54:03 [[33mwarn[39m]: [TOKEN_EXPIRED] Token has expired
2026-06-03 09:54:03 [[33mwarn[39m]: [UNAUTHORIZED] Refresh token not found
2026-06-03 10:28:41 [[33mwarn[39m]: [UNAUTHORIZED] Access token missing
2026-06-03 10:28:41 [[33mwarn[39m]: [UNAUTHORIZED] Refresh token not found
2026-06-03 10:44:56 [[32minfo[39m]: Server running on http://localhost:5000
2026-06-03 11:13:59 [[32minfo[39m]: Server running on http://localhost:5000
2026-06-03 11:14:05 [[32minfo[39m]: Server running on http://localhost:5000
2026-06-03 11:14:11 [[32minfo[39m]: Server running on http://localhost:5000
2026-06-03 11:14:23 [[32minfo[39m]: Server running on http://localhost:5000
2026-06-03 11:14:55 [[32minfo[39m]: Server running on http://localhost:5000
2026-06-03 11:15:10 [[32minfo[39m]: Server running on http://localhost:5000
2026-06-03 11:15:27 [[32minfo[39m]: Server running on http://localhost:5000
2026-06-03 11:15:55 [[32minfo[39m]: Server running on http://localhost:5000
2026-06-03 11:16:07 [[32minfo[39m]: Server running on http://localhost:5000
2026-06-03 11:16:29 [[32minfo[39m]: Server running on http://localhost:5000
2026-06-03 11:16:43 [[32minfo[39m]: Server running on http://localhost:5000
2026-06-03 11:17:05 [[32minfo[39m]: Server running on http://localhost:5000
2026-06-03 11:17:17 [[32minfo[39m]: Server running on http://localhost:5000
2026-06-03 11:17:41 [[32minfo[39m]: Server running on http://localhost:5000
2026-06-03 11:18:09 [[32minfo[39m]: Server running on http://localhost:5000
2026-06-03 11:20:05 [[32minfo[39m]: Server running on http://localhost:5000
2026-06-03 11:21:17 [[32minfo[39m]: Server running on http://localhost:5000
2026-06-03 11:21:35 [[32minfo[39m]: Server running on http://localhost:5000
2026-06-03 11:21:41 [[32minfo[39m]: Server running on http://localhost:5000
2026-06-03 11:21:48 [[32minfo[39m]: Server running on http://localhost:5000
2026-06-03 11:21:58 [[32minfo[39m]: Server running on http://localhost:5000
2026-06-03 11:22:03 [[32minfo[39m]: Server running on http://localhost:5000
2026-06-03 11:22:10 [[32minfo[39m]: Server running on http://localhost:5000
2026-06-03 11:22:15 [[32minfo[39m]: Server running on http://localhost:5000
2026-06-03 11:22:23 [[32minfo[39m]: Server running on http://localhost:5000
2026-06-03 11:22:44 [[32minfo[39m]: Server running on http://localhost:5000
2026-06-03 11:23:10 [[32minfo[39m]: Server running on http://localhost:5000
2026-06-03 11:23:36 [[32minfo[39m]: Server running on http://localhost:5000
2026-06-03 11:23:42 [[32minfo[39m]: Server running on http://localhost:5000
2026-06-03 11:23:51 [[32minfo[39m]: Server running on http://localhost:5000
2026-06-03 11:24:04 [[32minfo[39m]: Server running on http://localhost:5000
2026-06-03 11:24:18 [[32minfo[39m]: Server running on http://localhost:5000
2026-06-03 11:24:22 [[32minfo[39m]: Server running on http://localhost:5000
2026-06-03 11:24:32 [[32minfo[39m]: Server running on http://localhost:5000
2026-06-03 11:24:47 [[32minfo[39m]: Server running on http://localhost:5000
2026-06-03 11:25:00 [[32minfo[39m]: Server running on http://localhost:5000
2026-06-03 11:25:13 [[32minfo[39m]: Server running on http://localhost:5000
2026-06-03 11:25:20 [[32minfo[39m]: Server running on http://localhost:5000
2026-06-03 11:25:26 [[32minfo[39m]: Server running on http://localhost:5000
2026-06-03 11:25:38 [[32minfo[39m]: Server running on http://localhost:5000
2026-06-03 11:25:44 [[32minfo[39m]: Server running on http://localhost:5000
2026-06-03 11:26:00 [[32minfo[39m]: Server running on http://localhost:5000
2026-06-03 11:26:52 [[32minfo[39m]: Server running on http://localhost:5000
2026-06-03 11:27:08 [[32minfo[39m]: Server running on http://localhost:5000
2026-06-03 11:27:15 [[32minfo[39m]: Server running on http://localhost:5000
2026-06-03 11:27:25 [[32minfo[39m]: Server running on http://localhost:5000
2026-06-03 11:27:30 [[32minfo[39m]: Server running on http://localhost:5000
2026-06-03 11:27:38 [[32minfo[39m]: Server running on http://localhost:5000
2026-06-03 11:27:42 [[32minfo[39m]: Server running on http://localhost:5000
2026-06-03 11:28:14 [[32minfo[39m]: Server running on http://localhost:5000
2026-06-03 11:28:44 [[32minfo[39m]: Server running on http://localhost:5000
2026-06-03 11:29:08 [[32minfo[39m]: Server running on http://localhost:5000
2026-06-03 11:29:25 [[32minfo[39m]: Server running on http://localhost:5000
2026-06-03 11:29:33 [[32minfo[39m]: Server running on http://localhost:5000
2026-06-03 11:29:40 [[32minfo[39m]: Server running on http://localhost:5000
2026-06-03 11:29:45 [[32minfo[39m]: Server running on http://localhost:5000
2026-06-03 11:30:01 [[32minfo[39m]: Server running on http://localhost:5000
2026-06-03 11:31:17 [[32minfo[39m]: Server running on http://localhost:5000
2026-06-03 11:31:25 [[32minfo[39m]: Server running on http://localhost:5000
2026-06-03 11:31:32 [[32minfo[39m]: Server running on http://localhost:5000
2026-06-03 12:01:03 [[33mwarn[39m]: [TOKEN_EXPIRED] Token has expired
2026-06-03 12:01:03 [[33mwarn[39m]: [UNAUTHORIZED] Refresh token not found
2026-06-03 12:29:02 [[32minfo[39m]: Server running on http://localhost:5000
