2026-05-13 11:37:49 [[31merror[39m]: MongoServerError: Plan executor error during findAndModify :: caused by :: E11000 duplicate key error collection: careerhub.organizations index: name_1 dup key: { name: "nijas" }
    at Connection.sendCommand (C:\Users\risla\OneDrive\Documents\Career-Hub\apps\backend\node_modules\mongodb\src\cmap\connection.ts:559:17)
    at process.processTicksAndRejections (node:internal/process/task_queues:105:5)
    at async Connection.command (C:\Users\risla\OneDrive\Documents\Career-Hub\apps\backend\node_modules\mongodb\src\cmap\connection.ts:633:22)
    at async Server.command (C:\Users\risla\OneDrive\Documents\Career-Hub\apps\backend\node_modules\mongodb\src\sdam\server.ts:350:21)
    at async tryOperation (C:\Users\risla\OneDrive\Documents\Career-Hub\apps\backend\node_modules\mongodb\src\operations\execute_operation.ts:289:24)
    at async executeOperation (C:\Users\risla\OneDrive\Documents\Career-Hub\apps\backend\node_modules\mongodb\src\operations\execute_operation.ts:119:12)
    at async Collection.findOneAndUpdate (C:\Users\risla\OneDrive\Documents\Career-Hub\apps\backend\node_modules\mongodb\src\collection.ts:1041:12)
    at async model.Query._findOneAndUpdate (C:\Users\risla\OneDrive\Documents\Career-Hub\apps\backend\node_modules\mongoose\lib\query.js:3536:13)
    at async model.Query.exec (C:\Users\risla\OneDrive\Documents\Career-Hub\apps\backend\node_modules\mongoose\lib\query.js:4627:63)
    at async OrganizationRepository.update (C:\Users\risla\OneDrive\Documents\Career-Hub\apps\backend\src\infrastructure\repositories\BaseRepository.ts:21:21)
2026-05-13 11:37:58 [[31merror[39m]: MongoServerError: Plan executor error during findAndModify :: caused by :: E11000 duplicate key error collection: careerhub.organizations index: name_1 dup key: { name: "nijas" }
    at Connection.sendCommand (C:\Users\risla\OneDrive\Documents\Career-Hub\apps\backend\node_modules\mongodb\src\cmap\connection.ts:559:17)
    at process.processTicksAndRejections (node:internal/process/task_queues:105:5)
    at async Connection.command (C:\Users\risla\OneDrive\Documents\Career-Hub\apps\backend\node_modules\mongodb\src\cmap\connection.ts:633:22)
    at async Server.command (C:\Users\risla\OneDrive\Documents\Career-Hub\apps\backend\node_modules\mongodb\src\sdam\server.ts:350:21)
    at async tryOperation (C:\Users\risla\OneDrive\Documents\Career-Hub\apps\backend\node_modules\mongodb\src\operations\execute_operation.ts:289:24)
    at async executeOperation (C:\Users\risla\OneDrive\Documents\Career-Hub\apps\backend\node_modules\mongodb\src\operations\execute_operation.ts:119:12)
    at async Collection.findOneAndUpdate (C:\Users\risla\OneDrive\Documents\Career-Hub\apps\backend\node_modules\mongodb\src\collection.ts:1041:12)
    at async model.Query._findOneAndUpdate (C:\Users\risla\OneDrive\Documents\Career-Hub\apps\backend\node_modules\mongoose\lib\query.js:3536:13)
    at async model.Query.exec (C:\Users\risla\OneDrive\Documents\Career-Hub\apps\backend\node_modules\mongoose\lib\query.js:4627:63)
    at async OrganizationRepository.update (C:\Users\risla\OneDrive\Documents\Career-Hub\apps\backend\src\infrastructure\repositories\BaseRepository.ts:21:21)
2026-05-13 14:37:21 [[31merror[39m]: MongoServerError: Plan executor error during findAndModify :: caused by :: E11000 duplicate key error collection: careerhub.organizations index: name_1 dup key: { name: "vbnm," }
    at Connection.sendCommand (C:\Users\risla\OneDrive\Documents\Career-Hub\apps\backend\node_modules\mongodb\src\cmap\connection.ts:559:17)
    at process.processTicksAndRejections (node:internal/process/task_queues:105:5)
    at async Connection.command (C:\Users\risla\OneDrive\Documents\Career-Hub\apps\backend\node_modules\mongodb\src\cmap\connection.ts:633:22)
    at async Server.command (C:\Users\risla\OneDrive\Documents\Career-Hub\apps\backend\node_modules\mongodb\src\sdam\server.ts:350:21)
    at async tryOperation (C:\Users\risla\OneDrive\Documents\Career-Hub\apps\backend\node_modules\mongodb\src\operations\execute_operation.ts:289:24)
    at async executeOperation (C:\Users\risla\OneDrive\Documents\Career-Hub\apps\backend\node_modules\mongodb\src\operations\execute_operation.ts:119:12)
    at async Collection.findOneAndUpdate (C:\Users\risla\OneDrive\Documents\Career-Hub\apps\backend\node_modules\mongodb\src\collection.ts:1041:12)
    at async model.Query._findOneAndUpdate (C:\Users\risla\OneDrive\Documents\Career-Hub\apps\backend\node_modules\mongoose\lib\query.js:3536:13)
    at async model.Query.exec (C:\Users\risla\OneDrive\Documents\Career-Hub\apps\backend\node_modules\mongoose\lib\query.js:4627:63)
    at async OrganizationRepository.update (C:\Users\risla\OneDrive\Documents\Career-Hub\apps\backend\src\infrastructure\repositories\BaseRepository.ts:21:21)
2026-05-13 14:37:26 [[31merror[39m]: MongoServerError: Plan executor error during findAndModify :: caused by :: E11000 duplicate key error collection: careerhub.organizations index: name_1 dup key: { name: "vbnm," }
    at Connection.sendCommand (C:\Users\risla\OneDrive\Documents\Career-Hub\apps\backend\node_modules\mongodb\src\cmap\connection.ts:559:17)
    at process.processTicksAndRejections (node:internal/process/task_queues:105:5)
    at async Connection.command (C:\Users\risla\OneDrive\Documents\Career-Hub\apps\backend\node_modules\mongodb\src\cmap\connection.ts:633:22)
    at async Server.command (C:\Users\risla\OneDrive\Documents\Career-Hub\apps\backend\node_modules\mongodb\src\sdam\server.ts:350:21)
    at async tryOperation (C:\Users\risla\OneDrive\Documents\Career-Hub\apps\backend\node_modules\mongodb\src\operations\execute_operation.ts:289:24)
    at async executeOperation (C:\Users\risla\OneDrive\Documents\Career-Hub\apps\backend\node_modules\mongodb\src\operations\execute_operation.ts:119:12)
    at async Collection.findOneAndUpdate (C:\Users\risla\OneDrive\Documents\Career-Hub\apps\backend\node_modules\mongodb\src\collection.ts:1041:12)
    at async model.Query._findOneAndUpdate (C:\Users\risla\OneDrive\Documents\Career-Hub\apps\backend\node_modules\mongoose\lib\query.js:3536:13)
    at async model.Query.exec (C:\Users\risla\OneDrive\Documents\Career-Hub\apps\backend\node_modules\mongoose\lib\query.js:4627:63)
    at async OrganizationRepository.update (C:\Users\risla\OneDrive\Documents\Career-Hub\apps\backend\src\infrastructure\repositories\BaseRepository.ts:21:21)
2026-05-13 18:00:51 [[31merror[39m]: TypeError: entity.toJSON is not a function
    at toStudentPersistence (C:\Users\risla\OneDrive\Documents\Career-Hub\apps\backend\src\infrastructure\mappers\student.mapper.ts:29:24)
    at StudentRepository.toPersistence (C:\Users\risla\OneDrive\Documents\Career-Hub\apps\backend\src\infrastructure\repositories\student.repository.ts:18:12)
    at StudentRepository.update (C:\Users\risla\OneDrive\Documents\Career-Hub\apps\backend\src\infrastructure\repositories\BaseRepository.ts:23:20)
    at ResetPasswordUseCase.execute (C:\Users\risla\OneDrive\Documents\Career-Hub\apps\backend\src\application\usecases\auth\shared\ResetPassword.usecase.ts:42:32)
    at async <anonymous> (C:\Users\risla\OneDrive\Documents\Career-Hub\apps\backend\src\presentation\http\controllers\auth\ForgotPassword.controller.ts:22:5)
