2026-06-02 20:55:40 [[31merror[39m]: MongoServerError: Regular expression is invalid: missing closing parenthesis
    at Connection.sendCommand (C:\Users\risla\OneDrive\Documents\Career-Hub\apps\backend\node_modules\mongodb\src\cmap\connection.ts:559:17)
    at process.processTicksAndRejections (node:internal/process/task_queues:105:5)
    at async Connection.command (C:\Users\risla\OneDrive\Documents\Career-Hub\apps\backend\node_modules\mongodb\src\cmap\connection.ts:633:22)
    at async Server.command (C:\Users\risla\OneDrive\Documents\Career-Hub\apps\backend\node_modules\mongodb\src\sdam\server.ts:350:21)
    at async tryOperation (C:\Users\risla\OneDrive\Documents\Career-Hub\apps\backend\node_modules\mongodb\src\operations\execute_operation.ts:289:24)
    at async executeOperation (C:\Users\risla\OneDrive\Documents\Career-Hub\apps\backend\node_modules\mongodb\src\operations\execute_operation.ts:119:12)
    at async FindCursor._initialize (C:\Users\risla\OneDrive\Documents\Career-Hub\apps\backend\node_modules\mongodb\src\cursor\find_cursor.ts:92:22)
    at async FindCursor.cursorInit (C:\Users\risla\OneDrive\Documents\Career-Hub\apps\backend\node_modules\mongodb\src\cursor\abstract_cursor.ts:949:21)
    at async FindCursor.fetchBatch (C:\Users\risla\OneDrive\Documents\Career-Hub\apps\backend\node_modules\mongodb\src\cursor\abstract_cursor.ts:987:7)
    at async FindCursor.next (C:\Users\risla\OneDrive\Documents\Career-Hub\apps\backend\node_modules\mongodb\src\cursor\abstract_cursor.ts:608:9)
2026-06-02 20:55:40 [[31merror[39m]: MongoServerError: Regular expression is invalid: missing closing parenthesis
    at Connection.sendCommand (C:\Users\risla\OneDrive\Documents\Career-Hub\apps\backend\node_modules\mongodb\src\cmap\connection.ts:559:17)
    at process.processTicksAndRejections (node:internal/process/task_queues:105:5)
    at async Connection.command (C:\Users\risla\OneDrive\Documents\Career-Hub\apps\backend\node_modules\mongodb\src\cmap\connection.ts:633:22)
    at async Server.command (C:\Users\risla\OneDrive\Documents\Career-Hub\apps\backend\node_modules\mongodb\src\sdam\server.ts:350:21)
    at async tryOperation (C:\Users\risla\OneDrive\Documents\Career-Hub\apps\backend\node_modules\mongodb\src\operations\execute_operation.ts:289:24)
    at async executeOperation (C:\Users\risla\OneDrive\Documents\Career-Hub\apps\backend\node_modules\mongodb\src\operations\execute_operation.ts:119:12)
    at async FindCursor._initialize (C:\Users\risla\OneDrive\Documents\Career-Hub\apps\backend\node_modules\mongodb\src\cursor\find_cursor.ts:92:22)
    at async FindCursor.cursorInit (C:\Users\risla\OneDrive\Documents\Career-Hub\apps\backend\node_modules\mongodb\src\cursor\abstract_cursor.ts:949:21)
    at async FindCursor.fetchBatch (C:\Users\risla\OneDrive\Documents\Career-Hub\apps\backend\node_modules\mongodb\src\cursor\abstract_cursor.ts:987:7)
    at async FindCursor.next (C:\Users\risla\OneDrive\Documents\Career-Hub\apps\backend\node_modules\mongodb\src\cursor\abstract_cursor.ts:608:9)
2026-06-02 20:55:40 [[31merror[39m]: MongoServerError: Regular expression is invalid: missing closing parenthesis
    at Connection.sendCommand (C:\Users\risla\OneDrive\Documents\Career-Hub\apps\backend\node_modules\mongodb\src\cmap\connection.ts:559:17)
    at process.processTicksAndRejections (node:internal/process/task_queues:105:5)
    at async Connection.command (C:\Users\risla\OneDrive\Documents\Career-Hub\apps\backend\node_modules\mongodb\src\cmap\connection.ts:633:22)
    at async Server.command (C:\Users\risla\OneDrive\Documents\Career-Hub\apps\backend\node_modules\mongodb\src\sdam\server.ts:350:21)
    at async tryOperation (C:\Users\risla\OneDrive\Documents\Career-Hub\apps\backend\node_modules\mongodb\src\operations\execute_operation.ts:289:24)
    at async executeOperation (C:\Users\risla\OneDrive\Documents\Career-Hub\apps\backend\node_modules\mongodb\src\operations\execute_operation.ts:119:12)
    at async FindCursor._initialize (C:\Users\risla\OneDrive\Documents\Career-Hub\apps\backend\node_modules\mongodb\src\cursor\find_cursor.ts:92:22)
    at async FindCursor.cursorInit (C:\Users\risla\OneDrive\Documents\Career-Hub\apps\backend\node_modules\mongodb\src\cursor\abstract_cursor.ts:949:21)
    at async FindCursor.fetchBatch (C:\Users\risla\OneDrive\Documents\Career-Hub\apps\backend\node_modules\mongodb\src\cursor\abstract_cursor.ts:987:7)
    at async FindCursor.next (C:\Users\risla\OneDrive\Documents\Career-Hub\apps\backend\node_modules\mongodb\src\cursor\abstract_cursor.ts:608:9)
2026-06-02 20:55:40 [[31merror[39m]: MongoServerError: Regular expression is invalid: missing closing parenthesis
    at Connection.sendCommand (C:\Users\risla\OneDrive\Documents\Career-Hub\apps\backend\node_modules\mongodb\src\cmap\connection.ts:559:17)
    at process.processTicksAndRejections (node:internal/process/task_queues:105:5)
    at async Connection.command (C:\Users\risla\OneDrive\Documents\Career-Hub\apps\backend\node_modules\mongodb\src\cmap\connection.ts:633:22)
    at async Server.command (C:\Users\risla\OneDrive\Documents\Career-Hub\apps\backend\node_modules\mongodb\src\sdam\server.ts:350:21)
    at async tryOperation (C:\Users\risla\OneDrive\Documents\Career-Hub\apps\backend\node_modules\mongodb\src\operations\execute_operation.ts:289:24)
    at async executeOperation (C:\Users\risla\OneDrive\Documents\Career-Hub\apps\backend\node_modules\mongodb\src\operations\execute_operation.ts:119:12)
    at async AggregationCursor._initialize (C:\Users\risla\OneDrive\Documents\Career-Hub\apps\backend\node_modules\mongodb\src\cursor\aggregation_cursor.ts:92:22)
    at async AggregationCursor.cursorInit (C:\Users\risla\OneDrive\Documents\Career-Hub\apps\backend\node_modules\mongodb\src\cursor\abstract_cursor.ts:949:21)
    at async AggregationCursor.fetchBatch (C:\Users\risla\OneDrive\Documents\Career-Hub\apps\backend\node_modules\mongodb\src\cursor\abstract_cursor.ts:987:7)
    at async AggregationCursor.next (C:\Users\risla\OneDrive\Documents\Career-Hub\apps\backend\node_modules\mongodb\src\cursor\abstract_cursor.ts:608:9)
2026-06-02 20:55:41 [[31merror[39m]: MongoServerError: Regular expression is invalid: missing closing parenthesis
    at Connection.sendCommand (C:\Users\risla\OneDrive\Documents\Career-Hub\apps\backend\node_modules\mongodb\src\cmap\connection.ts:559:17)
    at process.processTicksAndRejections (node:internal/process/task_queues:105:5)
    at async Connection.command (C:\Users\risla\OneDrive\Documents\Career-Hub\apps\backend\node_modules\mongodb\src\cmap\connection.ts:633:22)
    at async Server.command (C:\Users\risla\OneDrive\Documents\Career-Hub\apps\backend\node_modules\mongodb\src\sdam\server.ts:350:21)
    at async tryOperation (C:\Users\risla\OneDrive\Documents\Career-Hub\apps\backend\node_modules\mongodb\src\operations\execute_operation.ts:289:24)
    at async executeOperation (C:\Users\risla\OneDrive\Documents\Career-Hub\apps\backend\node_modules\mongodb\src\operations\execute_operation.ts:119:12)
    at async AggregationCursor._initialize (C:\Users\risla\OneDrive\Documents\Career-Hub\apps\backend\node_modules\mongodb\src\cursor\aggregation_cursor.ts:92:22)
    at async AggregationCursor.cursorInit (C:\Users\risla\OneDrive\Documents\Career-Hub\apps\backend\node_modules\mongodb\src\cursor\abstract_cursor.ts:949:21)
    at async AggregationCursor.fetchBatch (C:\Users\risla\OneDrive\Documents\Career-Hub\apps\backend\node_modules\mongodb\src\cursor\abstract_cursor.ts:987:7)
    at async AggregationCursor.next (C:\Users\risla\OneDrive\Documents\Career-Hub\apps\backend\node_modules\mongodb\src\cursor\abstract_cursor.ts:608:9)
