2026-05-11 12:20:33 [[31merror[39m]: MongoServerError: E11000 duplicate key error collection: careerhub.companies index: code_1 dup key: { code: null }
    at InsertOneOperation.handleOk (C:\Users\risla\OneDrive\Documents\Career-Hub\apps\backend\node_modules\mongodb\src\operations\insert.ts:79:13)
    at tryOperation (C:\Users\risla\OneDrive\Documents\Career-Hub\apps\backend\node_modules\mongodb\src\operations\execute_operation.ts:290:26)
    at process.processTicksAndRejections (node:internal/process/task_queues:105:5)
    at async executeOperation (C:\Users\risla\OneDrive\Documents\Career-Hub\apps\backend\node_modules\mongodb\src\operations\execute_operation.ts:119:12)
    at async Collection.insertOne (C:\Users\risla\OneDrive\Documents\Career-Hub\apps\backend\node_modules\mongodb\src\collection.ts:294:12)
2026-05-11 12:21:30 [[31merror[39m]: MongoServerError: E11000 duplicate key error collection: careerhub.companies index: code_1 dup key: { code: null }
    at InsertOneOperation.handleOk (C:\Users\risla\OneDrive\Documents\Career-Hub\apps\backend\node_modules\mongodb\src\operations\insert.ts:79:13)
    at tryOperation (C:\Users\risla\OneDrive\Documents\Career-Hub\apps\backend\node_modules\mongodb\src\operations\execute_operation.ts:290:26)
    at process.processTicksAndRejections (node:internal/process/task_queues:105:5)
    at async executeOperation (C:\Users\risla\OneDrive\Documents\Career-Hub\apps\backend\node_modules\mongodb\src\operations\execute_operation.ts:119:12)
    at async Collection.insertOne (C:\Users\risla\OneDrive\Documents\Career-Hub\apps\backend\node_modules\mongodb\src\collection.ts:294:12)
2026-05-11 13:43:02 [[31merror[39m]: MongoServerSelectionError: getaddrinfo ENOTFOUND ac-i2qkvxc-shard-00-00.u2wr868.mongodb.net
    at Topology.selectServer (C:\Users\risla\OneDrive\Documents\Career-Hub\apps\backend\node_modules\mongodb\src\sdam\topology.ts:635:30)
    at async tryOperation (C:\Users\risla\OneDrive\Documents\Career-Hub\apps\backend\node_modules\mongodb\src\operations\execute_operation.ts:202:16)
    at async executeOperation (C:\Users\risla\OneDrive\Documents\Career-Hub\apps\backend\node_modules\mongodb\src\operations\execute_operation.ts:119:12)
    at async FindCursor._initialize (C:\Users\risla\OneDrive\Documents\Career-Hub\apps\backend\node_modules\mongodb\src\cursor\find_cursor.ts:92:22)
    at async FindCursor.cursorInit (C:\Users\risla\OneDrive\Documents\Career-Hub\apps\backend\node_modules\mongodb\src\cursor\abstract_cursor.ts:949:21)
    at async FindCursor.fetchBatch (C:\Users\risla\OneDrive\Documents\Career-Hub\apps\backend\node_modules\mongodb\src\cursor\abstract_cursor.ts:987:7)
    at async FindCursor.next (C:\Users\risla\OneDrive\Documents\Career-Hub\apps\backend\node_modules\mongodb\src\cursor\abstract_cursor.ts:608:9)
    at async Collection.findOne (C:\Users\risla\OneDrive\Documents\Career-Hub\apps\backend\node_modules\mongodb\src\collection.ts:552:20)
    at async model.Query._findOne (C:\Users\risla\OneDrive\Documents\Career-Hub\apps\backend\node_modules\mongoose\lib\query.js:2710:15)
    at async model.Query.exec (C:\Users\risla\OneDrive\Documents\Career-Hub\apps\backend\node_modules\mongoose\lib\query.js:4627:63)
2026-05-11 13:49:36 [[31merror[39m]: MongoServerError: E11000 duplicate key error collection: careerhub.companies index: name_1 dup key: { name: "Tech corp" }
    at InsertOneOperation.handleOk (C:\Users\risla\OneDrive\Documents\Career-Hub\apps\backend\node_modules\mongodb\src\operations\insert.ts:79:13)
    at tryOperation (C:\Users\risla\OneDrive\Documents\Career-Hub\apps\backend\node_modules\mongodb\src\operations\execute_operation.ts:290:26)
    at process.processTicksAndRejections (node:internal/process/task_queues:105:5)
    at async executeOperation (C:\Users\risla\OneDrive\Documents\Career-Hub\apps\backend\node_modules\mongodb\src\operations\execute_operation.ts:119:12)
    at async Collection.insertOne (C:\Users\risla\OneDrive\Documents\Career-Hub\apps\backend\node_modules\mongodb\src\collection.ts:294:12)
2026-05-11 15:20:39 [[31merror[39m]: ValidationError: Organization validation failed: state: Path `state` is required., studentCountRange: Path `studentCountRange` is required.
    at Document.invalidate (C:\Users\risla\OneDrive\Documents\Career-Hub\apps\backend\node_modules\mongoose\lib\document.js:3381:32)
    at C:\Users\risla\OneDrive\Documents\Career-Hub\apps\backend\node_modules\mongoose\lib\document.js:3142:17
    at C:\Users\risla\OneDrive\Documents\Career-Hub\apps\backend\node_modules\mongoose\lib\schemaType.js:1446:9
    at process.processTicksAndRejections (node:internal/process/task_queues:85:11)
2026-05-11 15:25:12 [[31merror[39m]: ValidationError: Organization validation failed: state: Path `state` is required., studentCountRange: Path `studentCountRange` is required.
    at Document.invalidate (C:\Users\risla\OneDrive\Documents\Career-Hub\apps\backend\node_modules\mongoose\lib\document.js:3381:32)
    at C:\Users\risla\OneDrive\Documents\Career-Hub\apps\backend\node_modules\mongoose\lib\document.js:3142:17
    at C:\Users\risla\OneDrive\Documents\Career-Hub\apps\backend\node_modules\mongoose\lib\schemaType.js:1446:9
    at process.processTicksAndRejections (node:internal/process/task_queues:85:11)
2026-05-11 15:37:01 [[31merror[39m]: MongoServerError: E11000 duplicate key error collection: careerhub.organizations index: code_1 dup key: { code: null }
    at InsertOneOperation.handleOk (C:\Users\risla\OneDrive\Documents\Career-Hub\apps\backend\node_modules\mongodb\src\operations\insert.ts:79:13)
    at tryOperation (C:\Users\risla\OneDrive\Documents\Career-Hub\apps\backend\node_modules\mongodb\src\operations\execute_operation.ts:290:26)
    at process.processTicksAndRejections (node:internal/process/task_queues:105:5)
    at async executeOperation (C:\Users\risla\OneDrive\Documents\Career-Hub\apps\backend\node_modules\mongodb\src\operations\execute_operation.ts:119:12)
    at async Collection.insertOne (C:\Users\risla\OneDrive\Documents\Career-Hub\apps\backend\node_modules\mongodb\src\collection.ts:294:12)
2026-05-11 15:37:24 [[31merror[39m]: MongoServerError: E11000 duplicate key error collection: careerhub.organizations index: code_1 dup key: { code: null }
    at InsertOneOperation.handleOk (C:\Users\risla\OneDrive\Documents\Career-Hub\apps\backend\node_modules\mongodb\src\operations\insert.ts:79:13)
    at tryOperation (C:\Users\risla\OneDrive\Documents\Career-Hub\apps\backend\node_modules\mongodb\src\operations\execute_operation.ts:290:26)
    at process.processTicksAndRejections (node:internal/process/task_queues:105:5)
    at async executeOperation (C:\Users\risla\OneDrive\Documents\Career-Hub\apps\backend\node_modules\mongodb\src\operations\execute_operation.ts:119:12)
    at async Collection.insertOne (C:\Users\risla\OneDrive\Documents\Career-Hub\apps\backend\node_modules\mongodb\src\collection.ts:294:12)
2026-05-11 16:25:02 [[31merror[39m]: SyntaxError: Expected property name or '}' in JSON at position 1 (line 1 column 2)
    at JSON.parse (<anonymous>)
    at parse (C:\Users\risla\OneDrive\Documents\Career-Hub\apps\backend\node_modules\body-parser\lib\types\json.js:92:19)
    at C:\Users\risla\OneDrive\Documents\Career-Hub\apps\backend\node_modules\body-parser\lib\read.js:128:18
    at AsyncResource.runInAsyncScope (node:async_hooks:211:14)
    at invokeCallback (C:\Users\risla\OneDrive\Documents\Career-Hub\apps\backend\node_modules\raw-body\index.js:238:16)
    at done (C:\Users\risla\OneDrive\Documents\Career-Hub\apps\backend\node_modules\raw-body\index.js:227:7)
    at IncomingMessage.onEnd (C:\Users\risla\OneDrive\Documents\Career-Hub\apps\backend\node_modules\raw-body\index.js:287:7)
    at IncomingMessage.emit (node:events:524:28)
    at endReadableNT (node:internal/streams/readable:1698:12)
    at process.processTicksAndRejections (node:internal/process/task_queues:90:21)
2026-05-11 16:58:49 [[31merror[39m]: TypeError: this._collegeAdminRepository.update is not a function
    at VerifyCollegeOtpUseCase.execute (C:\Users\risla\OneDrive\Documents\Career-Hub\apps\backend\src\application\usecases\auth\organization\implementations\VerifyCollegeOtp.usecase.ts:40:40)
    at process.processTicksAndRejections (node:internal/process/task_queues:105:5)
    at async <anonymous> (C:\Users\risla\OneDrive\Documents\Career-Hub\apps\backend\src\presentation\http\controllers\auth\organization\college.admin.auth.controller.ts:19:20)
2026-05-11 17:04:10 [[31merror[39m]: TypeError: entity.toJSON is not a function
    at toComptypePersistence (C:\Users\risla\OneDrive\Documents\Career-Hub\apps\backend\src\infrastructure\mappers\comptype.mapper.ts:22:24)
    at ComptypeRepository.toPersistence (C:\Users\risla\OneDrive\Documents\Career-Hub\apps\backend\src\infrastructure\repositories\ComptypeRepository.ts:20:12)
    at ComptypeRepository.update (C:\Users\risla\OneDrive\Documents\Career-Hub\apps\backend\src\infrastructure\repositories\ComptypeRepository.ts:29:24)
    at VerifyComptypeOtpUseCase.execute (C:\Users\risla\OneDrive\Documents\Career-Hub\apps\backend\src\application\usecases\auth\hr\implementations\VerifyComptypeOtp.usecase.ts:43:35)
    at process.processTicksAndRejections (node:internal/process/task_queues:105:5)
    at async <anonymous> (C:\Users\risla\OneDrive\Documents\Career-Hub\apps\backend\src\presentation\http\controllers\auth\hr\hr.auth.controller.ts:25:20)
2026-05-11 19:05:27 [[31merror[39m]: TypeError: Cannot read properties of null (reading '_id')
    at toInterviewerEntity (C:\Users\risla\OneDrive\Documents\Career-Hub\apps\backend\src\infrastructure\mappers\interviewer.mapper.ts:8:13)
    at InterviewerRepository.toEntity (C:\Users\risla\OneDrive\Documents\Career-Hub\apps\backend\src\infrastructure\repositories\InterviewerRepository.ts:16:12)
    at InterviewerRepository.update (C:\Users\risla\OneDrive\Documents\Career-Hub\apps\backend\src\infrastructure\repositories\BaseRepository.ts:26:17)
    at process.processTicksAndRejections (node:internal/process/task_queues:105:5)
    at async ActivateInterviewerUseCase.execute (C:\Users\risla\OneDrive\Documents\Career-Hub\apps\backend\src\application\usecases\auth\interviewer\implementations\ActivateInterviewer.usecase.ts:46:5)
    at async <anonymous> (C:\Users\risla\OneDrive\Documents\Career-Hub\apps\backend\src\presentation\http\controllers\auth\interviewer\interviewer.auth.controller.ts:18:20)
2026-05-11 23:40:17 [[31merror[39m]: TypeError: entity.toJSON is not a function
    at toInterviewerPersistence (C:\Users\risla\OneDrive\Documents\Career-Hub\apps\backend\src\infrastructure\mappers\interviewer.mapper.ts:24:24)
    at InterviewerRepository.toPersistence (C:\Users\risla\OneDrive\Documents\Career-Hub\apps\backend\src\infrastructure\repositories\InterviewerRepository.ts:20:12)
    at InterviewerRepository.update (C:\Users\risla\OneDrive\Documents\Career-Hub\apps\backend\src\infrastructure\repositories\BaseRepository.ts:23:20)
    at ResetPasswordUseCase.execute (C:\Users\risla\OneDrive\Documents\Career-Hub\apps\backend\src\application\usecases\auth\shared\ResetPassword.usecase.ts:50:36)
    at async <anonymous> (C:\Users\risla\OneDrive\Documents\Career-Hub\apps\backend\src\presentation\http\controllers\auth\ForgotPassword.controller.ts:22:5)
2026-05-12 00:29:20 [[31merror[39m]: MongoServerError: E11000 duplicate key error collection: careerhub.organizations index: name_1 dup key: { name: "Pending Institution Name" }
    at InsertOneOperation.handleOk (C:\Users\risla\OneDrive\Documents\Career-Hub\apps\backend\node_modules\mongodb\src\operations\insert.ts:79:13)
    at tryOperation (C:\Users\risla\OneDrive\Documents\Career-Hub\apps\backend\node_modules\mongodb\src\operations\execute_operation.ts:290:26)
    at process.processTicksAndRejections (node:internal/process/task_queues:105:5)
    at async executeOperation (C:\Users\risla\OneDrive\Documents\Career-Hub\apps\backend\node_modules\mongodb\src\operations\execute_operation.ts:119:12)
    at async Collection.insertOne (C:\Users\risla\OneDrive\Documents\Career-Hub\apps\backend\node_modules\mongodb\src\collection.ts:294:12)
2026-05-12 01:53:02 [[31merror[39m]: MongoServerSelectionError: getaddrinfo ENOTFOUND ac-i2qkvxc-shard-00-02.u2wr868.mongodb.net
    at Topology.selectServer (C:\Users\risla\OneDrive\Documents\Career-Hub\apps\backend\node_modules\mongodb\src\sdam\topology.ts:635:30)
    at async tryOperation (C:\Users\risla\OneDrive\Documents\Career-Hub\apps\backend\node_modules\mongodb\src\operations\execute_operation.ts:202:16)
    at async executeOperation (C:\Users\risla\OneDrive\Documents\Career-Hub\apps\backend\node_modules\mongodb\src\operations\execute_operation.ts:119:12)
    at async FindCursor._initialize (C:\Users\risla\OneDrive\Documents\Career-Hub\apps\backend\node_modules\mongodb\src\cursor\find_cursor.ts:92:22)
    at async FindCursor.cursorInit (C:\Users\risla\OneDrive\Documents\Career-Hub\apps\backend\node_modules\mongodb\src\cursor\abstract_cursor.ts:949:21)
    at async FindCursor.fetchBatch (C:\Users\risla\OneDrive\Documents\Career-Hub\apps\backend\node_modules\mongodb\src\cursor\abstract_cursor.ts:987:7)
    at async FindCursor.next (C:\Users\risla\OneDrive\Documents\Career-Hub\apps\backend\node_modules\mongodb\src\cursor\abstract_cursor.ts:608:9)
    at async Collection.findOne (C:\Users\risla\OneDrive\Documents\Career-Hub\apps\backend\node_modules\mongodb\src\collection.ts:552:20)
    at async model.Query._findOne (C:\Users\risla\OneDrive\Documents\Career-Hub\apps\backend\node_modules\mongoose\lib\query.js:2710:15)
    at async model.Query.exec (C:\Users\risla\OneDrive\Documents\Career-Hub\apps\backend\node_modules\mongoose\lib\query.js:4627:63)
2026-05-12 09:12:47 [[31merror[39m]: ValidationError: Comptype validation failed: status: `PENDING` is not a valid enum value for path `status`.
    at Document.invalidate (C:\Users\risla\OneDrive\Documents\Career-Hub\apps\backend\node_modules\mongoose\lib\document.js:3381:32)
    at C:\Users\risla\OneDrive\Documents\Career-Hub\apps\backend\node_modules\mongoose\lib\document.js:3142:17
    at C:\Users\risla\OneDrive\Documents\Career-Hub\apps\backend\node_modules\mongoose\lib\schemaType.js:1446:9
    at process.processTicksAndRejections (node:internal/process/task_queues:85:11)
2026-05-12 09:12:51 [[31merror[39m]: ValidationError: Comptype validation failed: status: `PENDING` is not a valid enum value for path `status`.
    at Document.invalidate (C:\Users\risla\OneDrive\Documents\Career-Hub\apps\backend\node_modules\mongoose\lib\document.js:3381:32)
    at C:\Users\risla\OneDrive\Documents\Career-Hub\apps\backend\node_modules\mongoose\lib\document.js:3142:17
    at C:\Users\risla\OneDrive\Documents\Career-Hub\apps\backend\node_modules\mongoose\lib\schemaType.js:1446:9
    at process.processTicksAndRejections (node:internal/process/task_queues:85:11)
2026-05-12 09:13:18 [[31merror[39m]: ValidationError: Comptype validation failed: status: `PENDING` is not a valid enum value for path `status`.
    at Document.invalidate (C:\Users\risla\OneDrive\Documents\Career-Hub\apps\backend\node_modules\mongoose\lib\document.js:3381:32)
    at C:\Users\risla\OneDrive\Documents\Career-Hub\apps\backend\node_modules\mongoose\lib\document.js:3142:17
    at C:\Users\risla\OneDrive\Documents\Career-Hub\apps\backend\node_modules\mongoose\lib\schemaType.js:1446:9
    at process.processTicksAndRejections (node:internal/process/task_queues:85:11)
2026-05-12 15:42:46 [[31merror[39m]: CastError: Cast to ObjectId failed for value "undefined" (type string) at path "_id" for model "Organization"
    at SchemaObjectId.cast (C:\Users\risla\OneDrive\Documents\Career-Hub\apps\backend\node_modules\mongoose\lib\schema\objectId.js:253:11)
    at SchemaType.applySetters (C:\Users\risla\OneDrive\Documents\Career-Hub\apps\backend\node_modules\mongoose\lib\schemaType.js:1288:12)
    at SchemaType.castForQuery (C:\Users\risla\OneDrive\Documents\Career-Hub\apps\backend\node_modules\mongoose\lib\schemaType.js:1724:17)
    at cast (C:\Users\risla\OneDrive\Documents\Career-Hub\apps\backend\node_modules\mongoose\lib\cast.js:390:32)
    at Query.cast (C:\Users\risla\OneDrive\Documents\Career-Hub\apps\backend\node_modules\mongoose\lib\query.js:5060:12)
    at Query._castConditions (C:\Users\risla\OneDrive\Documents\Career-Hub\apps\backend\node_modules\mongoose\lib\query.js:2374:10)
    at model.Query._findOneAndUpdate (C:\Users\risla\OneDrive\Documents\Career-Hub\apps\backend\node_modules\mongoose\lib\query.js:3477:8)
    at model.Query.exec (C:\Users\risla\OneDrive\Documents\Career-Hub\apps\backend\node_modules\mongoose\lib\query.js:4627:80)
    at process.processTicksAndRejections (node:internal/process/task_queues:105:5)
    at async OrganizationRepository.updateStatus (C:\Users\risla\OneDrive\Documents\Career-Hub\apps\backend\src\infrastructure\repositories\organization.repository.ts:46:5)
2026-05-12 15:43:48 [[31merror[39m]: CastError: Cast to ObjectId failed for value "undefined" (type string) at path "_id" for model "Student"
    at SchemaObjectId.cast (C:\Users\risla\OneDrive\Documents\Career-Hub\apps\backend\node_modules\mongoose\lib\schema\objectId.js:253:11)
    at SchemaType.applySetters (C:\Users\risla\OneDrive\Documents\Career-Hub\apps\backend\node_modules\mongoose\lib\schemaType.js:1288:12)
    at SchemaType.castForQuery (C:\Users\risla\OneDrive\Documents\Career-Hub\apps\backend\node_modules\mongoose\lib\schemaType.js:1724:17)
    at cast (C:\Users\risla\OneDrive\Documents\Career-Hub\apps\backend\node_modules\mongoose\lib\cast.js:390:32)
    at Query.cast (C:\Users\risla\OneDrive\Documents\Career-Hub\apps\backend\node_modules\mongoose\lib\query.js:5060:12)
    at Query._castConditions (C:\Users\risla\OneDrive\Documents\Career-Hub\apps\backend\node_modules\mongoose\lib\query.js:2374:10)
    at model.Query._findOneAndUpdate (C:\Users\risla\OneDrive\Documents\Career-Hub\apps\backend\node_modules\mongoose\lib\query.js:3477:8)
    at model.Query.exec (C:\Users\risla\OneDrive\Documents\Career-Hub\apps\backend\node_modules\mongoose\lib\query.js:4627:80)
    at process.processTicksAndRejections (node:internal/process/task_queues:105:5)
    at async StudentRepository.updateStatus (C:\Users\risla\OneDrive\Documents\Career-Hub\apps\backend\src\infrastructure\repositories\student.repository.ts:37:5)
2026-05-12 15:43:52 [[31merror[39m]: CastError: Cast to ObjectId failed for value "undefined" (type string) at path "_id" for model "Student"
    at SchemaObjectId.cast (C:\Users\risla\OneDrive\Documents\Career-Hub\apps\backend\node_modules\mongoose\lib\schema\objectId.js:253:11)
    at SchemaType.applySetters (C:\Users\risla\OneDrive\Documents\Career-Hub\apps\backend\node_modules\mongoose\lib\schemaType.js:1288:12)
    at SchemaType.castForQuery (C:\Users\risla\OneDrive\Documents\Career-Hub\apps\backend\node_modules\mongoose\lib\schemaType.js:1724:17)
    at cast (C:\Users\risla\OneDrive\Documents\Career-Hub\apps\backend\node_modules\mongoose\lib\cast.js:390:32)
    at Query.cast (C:\Users\risla\OneDrive\Documents\Career-Hub\apps\backend\node_modules\mongoose\lib\query.js:5060:12)
    at Query._castConditions (C:\Users\risla\OneDrive\Documents\Career-Hub\apps\backend\node_modules\mongoose\lib\query.js:2374:10)
    at model.Query._findOneAndDelete (C:\Users\risla\OneDrive\Documents\Career-Hub\apps\backend\node_modules\mongoose\lib\query.js:3616:8)
    at model.Query.exec (C:\Users\risla\OneDrive\Documents\Career-Hub\apps\backend\node_modules\mongoose\lib\query.js:4627:80)
    at process.processTicksAndRejections (node:internal/process/task_queues:105:5)
    at async StudentRepository.delete (C:\Users\risla\OneDrive\Documents\Career-Hub\apps\backend\src\infrastructure\repositories\BaseRepository.ts:35:20)
